Using pre-set license
Built from '2022.3/staging' branch; Version is '2022.3.22f1 (887be4894c44) revision 8944612'; Using compiler version '192829333'; Build Type 'Release'
OS: 'Windows 10  (10.0.19045) 64bit Professional' Language: 'zh' Physical Memory: 32677 MB
BatchMode: 1, IsHumanControllingUs: 0, StartBugReporterOnCrash: 0, Is64bit: 1, IsPro: 1

COMMAND LINE ARGUMENTS:
E:\unity\2022.3.22f1\Editor\Unity.exe
-adb2
-batchMode
-noUpm
-name
AssetImportWorker4
-projectPath
F:/cuz23
-logFile
Logs/AssetImportWorker4.log
-srvPort
2319
Successfully changed project path to: F:/cuz23
F:/cuz23
[UnityMemory] Configuration Parameters - Can be set up in boot.config
    "memorysetup-bucket-allocator-granularity=16"
    "memorysetup-bucket-allocator-bucket-count=8"
    "memorysetup-bucket-allocator-block-size=33554432"
    "memorysetup-bucket-allocator-block-count=8"
    "memorysetup-main-allocator-block-size=16777216"
    "memorysetup-thread-allocator-block-size=16777216"
    "memorysetup-gfx-main-allocator-block-size=16777216"
    "memorysetup-gfx-thread-allocator-block-size=16777216"
    "memorysetup-cache-allocator-block-size=4194304"
    "memorysetup-typetree-allocator-block-size=2097152"
    "memorysetup-profiler-bucket-allocator-granularity=16"
    "memorysetup-profiler-bucket-allocator-bucket-count=8"
    "memorysetup-profiler-bucket-allocator-block-size=33554432"
    "memorysetup-profiler-bucket-allocator-block-count=8"
    "memorysetup-profiler-allocator-block-size=16777216"
    "memorysetup-profiler-editor-allocator-block-size=1048576"
    "memorysetup-temp-allocator-size-main=16777216"
    "memorysetup-job-temp-allocator-block-size=2097152"
    "memorysetup-job-temp-allocator-block-size-background=1048576"
    "memorysetup-job-temp-allocator-reduction-small-platforms=262144"
    "memorysetup-allocator-temp-initial-block-size-main=262144"
    "memorysetup-allocator-temp-initial-block-size-worker=262144"
    "memorysetup-temp-allocator-size-background-worker=32768"
    "memorysetup-temp-allocator-size-job-worker=262144"
    "memorysetup-temp-allocator-size-preload-manager=33554432"
    "memorysetup-temp-allocator-size-nav-mesh-worker=65536"
    "memorysetup-temp-allocator-size-audio-worker=65536"
    "memorysetup-temp-allocator-size-cloud-worker=32768"
    "memorysetup-temp-allocator-size-gi-baking-worker=262144"
    "memorysetup-temp-allocator-size-gfx=262144"
Player connection [11980] Host "[IP] 192.168.31.9 [Port] 0 [Flags] 2 [Guid] 2321732347 [EditorId] 2321732347 [Version] 1048832 [Id] WindowsEditor(7,DESKTOP-3U7SNET) [Debug] 1 [PackageName] WindowsEditor [ProjectName] Editor" joined multi-casting on [225.0.0.222:54997]...

Player connection [11980] Host "[IP] 192.168.31.9 [Port] 0 [Flags] 2 [Guid] 2321732347 [EditorId] 2321732347 [Version] 1048832 [Id] WindowsEditor(7,DESKTOP-3U7SNET) [Debug] 1 [PackageName] WindowsEditor [ProjectName] Editor" joined alternative multi-casting on [225.0.0.222:34997]...

[Physics::Module] Initialized MultithreadedJobDispatcher with 15 workers.
Refreshing native plugins compatible for Editor in 32.62 ms, found 6 plugins.
Preloading 2 native plugins for Editor in 1.41 ms.
Initialize engine version: 2022.3.22f1 (887be4894c44)
[Subsystems] Discovering subsystems at path E:/unity/2022.3.22f1/Editor/Data/Resources/UnitySubsystems
[Subsystems] Discovering subsystems at path F:/cuz23/Assets
GfxDevice: creating device client; threaded=0; jobified=0
Direct3D:
    Version:  Direct3D 11.0 [level 11.1]
    Renderer: NVIDIA GeForce RTX 2070 SUPER (ID=0x1e84)
    Vendor:   NVIDIA
    VRAM:     8003 MB
    Driver:   31.0.15.4633
Initialize mono
Mono path[0] = 'E:/unity/2022.3.22f1/Editor/Data/Managed'
Mono path[1] = 'E:/unity/2022.3.22f1/Editor/Data/MonoBleedingEdge/lib/mono/unityjit-win32'
Mono config path = 'E:/unity/2022.3.22f1/Editor/Data/MonoBleedingEdge/etc'
Using monoOptions --debugger-agent=transport=dt_socket,embedding=1,server=y,suspend=n,address=127.0.0.1:56056
Begin MonoManager ReloadAssembly
Registering precompiled unity dll's ...
Register platform support module: E:/unity/2022.3.22f1/Editor/Data/PlaybackEngines/WindowsStandaloneSupport/UnityEditor.WindowsStandalone.Extensions.dll
Registered in 0.003708 seconds.
- Loaded All Assemblies, in  0.402 seconds
Native extension for WindowsStandalone target not found
Mono: successfully reloaded assembly
- Finished resetting the current domain, in  0.359 seconds
Domain Reload Profiling: 761ms
	BeginReloadAssembly (112ms)
		ExecutionOrderSort (0ms)
		DisableScriptedObjects (0ms)
		BackupInstance (0ms)
		ReleaseScriptingObjects (0ms)
		CreateAndSetChildDomain (1ms)
	RebuildCommonClasses (42ms)
	RebuildNativeTypeToScriptingClass (13ms)
	initialDomainReloadingComplete (61ms)
	LoadAllAssembliesAndSetupDomain (173ms)
		LoadAssemblies (112ms)
		RebuildTransferFunctionScriptingTraits (0ms)
		AnalyzeDomain (171ms)
			TypeCache.Refresh (170ms)
				TypeCache.ScanAssembly (155ms)
			ScanForSourceGeneratedMonoScriptInfo (0ms)
			ResolveRequiredComponents (0ms)
	FinalizeReload (359ms)
		ReleaseScriptCaches (0ms)
		RebuildScriptCaches (0ms)
		SetupLoadedEditorAssemblies (290ms)
			LogAssemblyErrors (0ms)
			InitializePlatformSupportModulesInManaged (9ms)
			SetLoadedEditorAssemblies (8ms)
			RefreshPlugins (0ms)
			BeforeProcessingInitializeOnLoad (3ms)
			ProcessInitializeOnLoadAttributes (201ms)
			ProcessInitializeOnLoadMethodAttributes (68ms)
			AfterProcessingInitializeOnLoad (0ms)
			EditorAssembliesLoaded (0ms)
		ExecutionOrderSort2 (0ms)
		AwakeInstancesAfterBackupRestoration (0ms)
========================================================================
Worker process is ready to serve import requests
Begin MonoManager ReloadAssembly
- Loaded All Assemblies, in  0.964 seconds
Refreshing native plugins compatible for Editor in 12.04 ms, found 6 plugins.
Native extension for WindowsStandalone target not found
Package Manager log level set to [2]
[Package Manager] Server::EnsureServerProcessIsRunning -- launch failed, reason: Unity was launched with the -noUpm command-line argument
[Package Manager] UpmClient::Send -- Unable to send message (not connected to UPM process).
[Package Manager] Cannot connect to Unity Package Manager local server
System.ArgumentNullException: Value cannot be null.
Parameter name: path
  at System.IO.Directory.CreateDirectory (System.String path) [0x00003] in <27124aa0e30a41659b903b822b959bc7>:0 
  at VRC.SDKBase.Editor.VRCPackageSettings.EnsurePathExists () [0x0000b] in .\Packages\com.vrchat.base\Editor\VRCSDK\Dependencies\VRChat\VRCPackageSettings.cs:45 
  at VRC.SDKBase.Editor.VRCPackageSettings.Load () [0x00000] in .\Packages\com.vrchat.base\Editor\VRCSDK\Dependencies\VRChat\VRCPackageSettings.cs:50 
  at VRC.SDKBase.Editor.VRCPackageSettings.Create () [0x00005] in .\Packages\com.vrchat.base\Editor\VRCSDK\Dependencies\VRChat\VRCPackageSettings.cs:19 
  at VRC.SDKBase.Editor.SampleHintCreator..cctor () [0x00007] in .\Packages\com.vrchat.base\Editor\VRCSDK\SampleHintCreator.cs:18 
UnityEngine.StackTraceUtility:ExtractStackTrace ()
UnityEngine.DebugLogHandler:LogFormat (UnityEngine.LogType,UnityEngine.Object,string,object[])
UnityEngine.Logger:Log (UnityEngine.LogType,object)
UnityEngine.Debug:LogError (object)
UnityEditor.EditorAssemblies:ProcessInitializeOnLoadAttributes (System.Type[])

System.Reflection.TargetInvocationException: Exception has been thrown by the target of an invocation. ---> System.NullReferenceException: Object reference not set to an instance of an object
  at Unity.XR.Oculus.OculusLoader.AssetPathToAbsolutePath (System.String assetPath) [0x00040] in .\Library\PackageCache\com.unity.xr.oculus@4.2.0\Runtime\OculusLoader.cs:298 
  at Unity.XR.Oculus.OculusLoader.EditorLoadOVRPlugin () [0x0008c] in .\Library\PackageCache\com.unity.xr.oculus@4.2.0\Runtime\OculusLoader.cs:283 
  at (wrapper managed-to-native) System.Reflection.RuntimeMethodInfo.InternalInvoke(System.Reflection.RuntimeMethodInfo,object,object[],System.Exception&)
  at System.Reflection.RuntimeMethodInfo.Invoke (System.Object obj, System.Reflection.BindingFlags invokeAttr, System.Reflection.Binder binder, System.Object[] parameters, System.Globalization.CultureInfo culture) [0x0006a] in <27124aa0e30a41659b903b822b959bc7>:0 
   --- End of inner exception stack trace ---
  at System.Reflection.RuntimeMethodInfo.Invoke (System.Object obj, System.Reflection.BindingFlags invokeAttr, System.Reflection.Binder binder, System.Object[] parameters, System.Globalization.CultureInfo culture) [0x00083] in <27124aa0e30a41659b903b822b959bc7>:0 
  at System.Reflection.MethodBase.Invoke (System.Object obj, System.Object[] parameters) [0x00000] in <27124aa0e30a41659b903b822b959bc7>:0 
  at UnityEditor.EditorAssemblies.ProcessInitializeOnLoadMethodAttributes () [0x000a5] in <80a8ce1980c648dca8e68f0d8aa3b930>:0 
UnityEngine.StackTraceUtility:ExtractStackTrace ()
UnityEngine.DebugLogHandler:LogFormat (UnityEngine.LogType,UnityEngine.Object,string,object[])
UnityEngine.Logger:Log (UnityEngine.LogType,object)
UnityEngine.Debug:LogError (object)
UnityEditor.EditorAssemblies:ProcessInitializeOnLoadMethodAttributes ()

Mono: successfully reloaded assembly
[Package Manager] Server::EnsureServerProcessIsRunning -- launch failed, reason: Unity was launched with the -noUpm command-line argument
[Package Manager] UpmClient::Send -- Unable to send message (not connected to UPM process).
[Package Manager] Cannot connect to Unity Package Manager local server
[Package Manager] Server::EnsureServerProcessIsRunning -- launch failed, reason: Unity was launched with the -noUpm command-line argument
[Package Manager] UpmClient::Send -- Unable to send message (not connected to UPM process).
[Package Manager] Cannot connect to Unity Package Manager local server
- Finished resetting the current domain, in  2.497 seconds
Domain Reload Profiling: 3460ms
	BeginReloadAssembly (165ms)
		ExecutionOrderSort (0ms)
		DisableScriptedObjects (6ms)
		BackupInstance (0ms)
		ReleaseScriptingObjects (0ms)
		CreateAndSetChildDomain (25ms)
	RebuildCommonClasses (44ms)
	RebuildNativeTypeToScriptingClass (13ms)
	initialDomainReloadingComplete (38ms)
	LoadAllAssembliesAndSetupDomain (702ms)
		LoadAssemblies (419ms)
		RebuildTransferFunctionScriptingTraits (0ms)
		AnalyzeDomain (374ms)
			TypeCache.Refresh (333ms)
				TypeCache.ScanAssembly (303ms)
			ScanForSourceGeneratedMonoScriptInfo (29ms)
			ResolveRequiredComponents (10ms)
	FinalizeReload (2498ms)
		ReleaseScriptCaches (0ms)
		RebuildScriptCaches (0ms)
		SetupLoadedEditorAssemblies (1505ms)
			LogAssemblyErrors (0ms)
			InitializePlatformSupportModulesInManaged (6ms)
			SetLoadedEditorAssemblies (7ms)
			RefreshPlugins (0ms)
			BeforeProcessingInitializeOnLoad (93ms)
			ProcessInitializeOnLoadAttributes (789ms)
			ProcessInitializeOnLoadMethodAttributes (606ms)
			AfterProcessingInitializeOnLoad (4ms)
			EditorAssembliesLoaded (0ms)
		ExecutionOrderSort2 (0ms)
		AwakeInstancesAfterBackupRestoration (7ms)
Launched and connected shader compiler UnityShaderCompiler.exe after 0.04 seconds
Refreshing native plugins compatible for Editor in 13.45 ms, found 6 plugins.
Preloading 2 native plugins for Editor in 0.08 ms.
Unloading 3523 Unused Serialized files (Serialized files now loaded: 0)
Unloading 243 unused Assets / (22.1 MB). Loaded Objects now: 3947.
Memory consumption went from 238.9 MB to 216.8 MB.
Total: 19.712100 ms (FindLiveObjects: 0.359700 ms CreateObjectMapping: 0.269600 ms MarkObjects: 8.879200 ms  DeleteObjects: 10.202400 ms)

AssetImportParameters requested are different than current active one (requested -> active):
  custom:container-demuxer-ogg: 62fdf1f143b41e24485cea50d1cbac27 -> 
  custom:video-decoder-ogg-theora: a1e56fd34408186e4bbccfd4996cb3dc -> 
  custom:framework-win-MediaFoundation: 216162199b28c13a410421893ffa2e32 -> 
  custom:CustomObjectIndexerAttribute: 9a22284fe3817be447336de3de66b15e -> 
  custom:container-demuxer-webm: 4f35f7cbe854078d1ac9338744f61a02 -> 
  custom:container-muxer-webm: aa71ff27fc2769a1b78a27578f13a17b -> 
  custom:video-decoder-webm-vp8: 9c59270c3fd7afecdb556c50c9e8de78 -> 
  custom:SearchIndexIgnoredProperties: e643bd26f0fe6173181afceb89e7c659 -> 
  custom:AudioImporter_EditorPlatform: d09bf68614088b80899f8185d706f6e7 -> 
  custom:video-encoder-webm-vp8: eb34c28f22e8b96e1ab97ce403110664 -> 
  custom:audio-decoder-ogg-vorbis: bf7c407c2cedff20999df2af8eb42d56 -> 
  custom:audio-encoder-webm-vorbis: bf7c407c2cedff20999df2af8eb42d56 -> 
========================================================================
Received Import Request.
  Time since last request: 8205.196661 seconds.
  path: Assets/Toon/Shader/Tess/ToonColor_ShadingGradeMap_Transparent_Tess_StencilOut.shader
  artifactKey: Guid(6d115cf94d14d1842a56dfff76b57f42) Importer(2089858483,0ecaa5967403d082aa24f35e1b516d23)
Start importing Assets/Toon/Shader/Tess/ToonColor_ShadingGradeMap_Transparent_Tess_StencilOut.shader using Guid(6d115cf94d14d1842a56dfff76b57f42) Importer(2089858483,0ecaa5967403d082aa24f35e1b516d23)  -> (artifact id: '736995b9064b447bf6ae496d2f036429') in 0.100708 seconds
Number of updated asset objects reloaded before import = 0
Number of asset objects unloaded after import = 1
========================================================================
Received Import Request.
  Time since last request: 0.000029 seconds.
  path: Assets/Toon/Shader/Tess/ToonColor_ShadingGradeMap_AngelRing_TransClipping_Tess_StencilOut.shader
  artifactKey: Guid(11e8f1e181e558a47a387492d3ecdb88) Importer(2089858483,0ecaa5967403d082aa24f35e1b516d23)
Start importing Assets/Toon/Shader/Tess/ToonColor_ShadingGradeMap_AngelRing_TransClipping_Tess_StencilOut.shader using Guid(11e8f1e181e558a47a387492d3ecdb88) Importer(2089858483,0ecaa5967403d082aa24f35e1b516d23)  -> (artifact id: '8a6b13e6004a163dfad423c138995bc5') in 0.017977 seconds
Number of updated asset objects reloaded before import = 0
Number of asset objects unloaded after import = 1
========================================================================
Received Import Request.
  Time since last request: 0.000019 seconds.
  path: Assets/Toon/Shader/Tess/ToonColor_ShadingGradeMap_Tess.shader
  artifactKey: Guid(01494e58d87212f44ab51d29caea84e4) Importer(2089858483,0ecaa5967403d082aa24f35e1b516d23)
Start importing Assets/Toon/Shader/Tess/ToonColor_ShadingGradeMap_Tess.shader using Guid(01494e58d87212f44ab51d29caea84e4) Importer(2089858483,0ecaa5967403d082aa24f35e1b516d23)  -> (artifact id: 'fcce10b7a8202a3d7f13744db1af3dd4') in 0.019774 seconds
Number of updated asset objects reloaded before import = 0
Number of asset objects unloaded after import = 1
========================================================================
Received Import Request.
  Time since last request: 0.000015 seconds.
  path: Assets/NylonHeart/TolassAndWedge/Icons/Action.png
  artifactKey: Guid(9055210b4aa084f4b922aaa4a2981d7f) Importer(2089858483,0ecaa5967403d082aa24f35e1b516d23)
Start importing Assets/NylonHeart/TolassAndWedge/Icons/Action.png using Guid(9055210b4aa084f4b922aaa4a2981d7f) Importer(2089858483,0ecaa5967403d082aa24f35e1b516d23)  -> (artifact id: '5a55fad9e1098eb1a7752c5a416ff07f') in 0.076625 seconds
Number of updated asset objects reloaded before import = 0
Number of asset objects unloaded after import = 1
========================================================================
Received Import Request.
  Time since last request: 0.000019 seconds.
  path: Assets/NylonHeart/TolassAndWedge/Animations/Wedge_Gesture.controller
  artifactKey: Guid(11ce624974bf1f9468b7df8c865a279d) Importer(2089858483,0ecaa5967403d082aa24f35e1b516d23)
Start importing Assets/NylonHeart/TolassAndWedge/Animations/Wedge_Gesture.controller using Guid(11ce624974bf1f9468b7df8c865a279d) Importer(2089858483,0ecaa5967403d082aa24f35e1b516d23)  -> (artifact id: '578d075d6c681fe09216de9d5e28e59c') in 0.104996 seconds
Number of updated asset objects reloaded before import = 0
Number of asset objects unloaded after import = 61
========================================================================
Received Import Request.
  Time since last request: 0.000019 seconds.
  path: Assets/NylonHeart/TolassAndWedge/Icons/exm_Normal.png
  artifactKey: Guid(83c1c693c01102a4990b4c29a3f6dde2) Importer(2089858483,0ecaa5967403d082aa24f35e1b516d23)
Start importing Assets/NylonHeart/TolassAndWedge/Icons/exm_Normal.png using Guid(83c1c693c01102a4990b4c29a3f6dde2) Importer(2089858483,0ecaa5967403d082aa24f35e1b516d23)  -> (artifact id: 'a64efe0e4b4fb1e48bc06fbe5ac2118c') in 0.042140 seconds
Number of updated asset objects reloaded before import = 0
Number of asset objects unloaded after import = 1
========================================================================
Received Import Request.
  Time since last request: 0.000020 seconds.
  path: Assets/lilToon/Presets/Hair-Standard.asset
  artifactKey: Guid(8e6edeb6e37727e419e0020134094068) Importer(2089858483,0ecaa5967403d082aa24f35e1b516d23)
Start importing Assets/lilToon/Presets/Hair-Standard.asset using Guid(8e6edeb6e37727e419e0020134094068) Importer(2089858483,0ecaa5967403d082aa24f35e1b516d23)  -> (artifact id: 'bb662cd4ea8a759455cab43c436bb5e2') in 0.050818 seconds
Number of updated asset objects reloaded before import = 0
Number of asset objects unloaded after import = 1
========================================================================
Received Import Request.
  Time since last request: 0.000017 seconds.
  path: Assets/Toon/Shader/Tess/Toon_OutlineObject_Tess_StencilOut.shader
  artifactKey: Guid(06cae78b869a3234bab02eeb52197e1c) Importer(2089858483,0ecaa5967403d082aa24f35e1b516d23)
Start importing Assets/Toon/Shader/Tess/Toon_OutlineObject_Tess_StencilOut.shader using Guid(06cae78b869a3234bab02eeb52197e1c) Importer(2089858483,0ecaa5967403d082aa24f35e1b516d23)  -> (artifact id: '4221200dae1f5f653c6fd54ca1361e56') in 0.009532 seconds
Number of updated asset objects reloaded before import = 0
Number of asset objects unloaded after import = 1
========================================================================
Received Import Request.
  Time since last request: 0.000022 seconds.
  path: Assets/NylonHeart/TolassAndWedge/Animations/Expressions/exp_Confidence.anim
  artifactKey: Guid(f46a2d5fbe634f54ca6f69bd25fe5735) Importer(2089858483,0ecaa5967403d082aa24f35e1b516d23)
Start importing Assets/NylonHeart/TolassAndWedge/Animations/Expressions/exp_Confidence.anim using Guid(f46a2d5fbe634f54ca6f69bd25fe5735) Importer(2089858483,0ecaa5967403d082aa24f35e1b516d23)  -> (artifact id: '8d97cffa1d7fb595a4712096a3ecb35e') in 0.018599 seconds
Number of updated asset objects reloaded before import = 0
Number of asset objects unloaded after import = 1
========================================================================
Received Import Request.
  Time since last request: 0.000018 seconds.
  path: Assets/NylonHeart/TolassAndWedge/Animations/Expressions/exp_Gross_White.anim
  artifactKey: Guid(ff4e20bf3edfb564cb58b72aa09be019) Importer(2089858483,0ecaa5967403d082aa24f35e1b516d23)
Start importing Assets/NylonHeart/TolassAndWedge/Animations/Expressions/exp_Gross_White.anim using Guid(ff4e20bf3edfb564cb58b72aa09be019) Importer(2089858483,0ecaa5967403d082aa24f35e1b516d23)  -> (artifact id: '050113a3c9c0d42a0e6059e9d22085eb') in 0.011589 seconds
Number of updated asset objects reloaded before import = 0
Number of asset objects unloaded after import = 1
========================================================================
Received Import Request.
  Time since last request: 0.000013 seconds.
  path: Assets/NylonHeart/TolassAndWedge/Animations/Expressions/exp_Gununu_Shy.anim
  artifactKey: Guid(2c9a687aa90689a45bef0b41de8e4f49) Importer(2089858483,0ecaa5967403d082aa24f35e1b516d23)
Start importing Assets/NylonHeart/TolassAndWedge/Animations/Expressions/exp_Gununu_Shy.anim using Guid(2c9a687aa90689a45bef0b41de8e4f49) Importer(2089858483,0ecaa5967403d082aa24f35e1b516d23)  -> (artifact id: '2de3c15d7e08780cd9553c1c503e7777') in 0.019345 seconds
Number of updated asset objects reloaded before import = 0
Number of asset objects unloaded after import = 1
========================================================================
Received Import Request.
  Time since last request: 0.000016 seconds.
  path: Assets/Toon/Shader/Tess/Toon_ShadingGradeMap_AngelRing_Tess_Light_StencilOut.shader
  artifactKey: Guid(79d3dc54c32b69b42be17c48d33575f2) Importer(2089858483,0ecaa5967403d082aa24f35e1b516d23)
Start importing Assets/Toon/Shader/Tess/Toon_ShadingGradeMap_AngelRing_Tess_Light_StencilOut.shader using Guid(79d3dc54c32b69b42be17c48d33575f2) Importer(2089858483,0ecaa5967403d082aa24f35e1b516d23)  -> (artifact id: 'dedc2cba67efd25808a17104ce2b0528') in 0.022063 seconds
Number of updated asset objects reloaded before import = 0
Number of asset objects unloaded after import = 1
========================================================================
Received Import Request.
  Time since last request: 0.000016 seconds.
  path: Assets/NylonHeart/TolassAndWedge/Animations/Acc/acc_SocksOn.anim
  artifactKey: Guid(c7f4d28db8e682541afc6bfc11934200) Importer(2089858483,0ecaa5967403d082aa24f35e1b516d23)
Start importing Assets/NylonHeart/TolassAndWedge/Animations/Acc/acc_SocksOn.anim using Guid(c7f4d28db8e682541afc6bfc11934200) Importer(2089858483,0ecaa5967403d082aa24f35e1b516d23)  -> (artifact id: '616bdfba2a2d1c923768b6a63f785c9e') in 0.010616 seconds
Number of updated asset objects reloaded before import = 0
Number of asset objects unloaded after import = 1
========================================================================
Received Import Request.
  Time since last request: 0.000013 seconds.
  path: Assets/Toon/Shader/Tess/Toon_ShadingGradeMap_AngelRing_Tess.shader
  artifactKey: Guid(3a1af221400a61a4b94bae19aa79da2b) Importer(2089858483,0ecaa5967403d082aa24f35e1b516d23)
Start importing Assets/Toon/Shader/Tess/Toon_ShadingGradeMap_AngelRing_Tess.shader using Guid(3a1af221400a61a4b94bae19aa79da2b) Importer(2089858483,0ecaa5967403d082aa24f35e1b516d23)  -> (artifact id: '98a7e0432e2f1ff8d8293e5beaca5bbe') in 0.014294 seconds
Number of updated asset objects reloaded before import = 0
Number of asset objects unloaded after import = 1
========================================================================
Received Import Request.
  Time since last request: 0.000018 seconds.
  path: Assets/Toon/Shader/Tess/UCTS_ShadingGradeMap_tess.cginc
  artifactKey: Guid(ad7807131760d5544843d7424e535b75) Importer(2089858483,0ecaa5967403d082aa24f35e1b516d23)
Start importing Assets/Toon/Shader/Tess/UCTS_ShadingGradeMap_tess.cginc using Guid(ad7807131760d5544843d7424e535b75) Importer(2089858483,0ecaa5967403d082aa24f35e1b516d23)  -> (artifact id: '0702eb6a16f1fd2edb9fa77f757c0f33') in 0.025841 seconds
Number of updated asset objects reloaded before import = 0
Number of asset objects unloaded after import = 1
========================================================================
Received Import Request.
  Time since last request: 0.000015 seconds.
  path: Assets/NylonHeart/TolassAndWedge/Animations/Expressions/exp_Doya_Eyeclose.anim
  artifactKey: Guid(1ff8e27e1a2565c4f864815b69b43d7b) Importer(2089858483,0ecaa5967403d082aa24f35e1b516d23)
Start importing Assets/NylonHeart/TolassAndWedge/Animations/Expressions/exp_Doya_Eyeclose.anim using Guid(1ff8e27e1a2565c4f864815b69b43d7b) Importer(2089858483,0ecaa5967403d082aa24f35e1b516d23)  -> (artifact id: 'abe02ccde153ca3a791db536a29b0796') in 0.009768 seconds
Number of updated asset objects reloaded before import = 0
Number of asset objects unloaded after import = 1
========================================================================
Received Import Request.
  Time since last request: 0.000027 seconds.
  path: Assets/UdonSharp/UtilityScripts/Synced/MasterToggleObject.cs
  artifactKey: Guid(fe5e5216dff1add40961bf62f441e92d) Importer(2089858483,0ecaa5967403d082aa24f35e1b516d23)
Start importing Assets/UdonSharp/UtilityScripts/Synced/MasterToggleObject.cs using Guid(fe5e5216dff1add40961bf62f441e92d) Importer(2089858483,0ecaa5967403d082aa24f35e1b516d23)  -> (artifact id: '783d6068e685a7d82ad1f2379aaff43b') in 0.013263 seconds
Number of updated asset objects reloaded before import = 0
Number of asset objects unloaded after import = 1
========================================================================
Received Import Request.
  Time since last request: 0.000015 seconds.
  path: Assets/NylonHeart/TolassAndWedge/Animations/Acc/acc_SweatsOn.anim
  artifactKey: Guid(3ce52a0e0ba48ad41a93791df9bbc6b7) Importer(2089858483,0ecaa5967403d082aa24f35e1b516d23)
Start importing Assets/NylonHeart/TolassAndWedge/Animations/Acc/acc_SweatsOn.anim using Guid(3ce52a0e0ba48ad41a93791df9bbc6b7) Importer(2089858483,0ecaa5967403d082aa24f35e1b516d23)  -> (artifact id: 'f06a750b69baaed6a0ca6b03d82efbfa') in 0.011236 seconds
Number of updated asset objects reloaded before import = 0
Number of asset objects unloaded after import = 1
========================================================================
Received Import Request.
  Time since last request: 0.003084 seconds.
  path: Assets/NylonHeart/TolassAndWedge/Animations/Expressions/exp_Angry_Silently_Puku.anim
  artifactKey: Guid(d5fbb318285836541844447b1d15a4e4) Importer(2089858483,0ecaa5967403d082aa24f35e1b516d23)
Start importing Assets/NylonHeart/TolassAndWedge/Animations/Expressions/exp_Angry_Silently_Puku.anim using Guid(d5fbb318285836541844447b1d15a4e4) Importer(2089858483,0ecaa5967403d082aa24f35e1b516d23)  -> (artifact id: 'c44feacf2fdd6f0a47d4a8866afdd17a') in 0.010874 seconds
Number of updated asset objects reloaded before import = 0
Number of asset objects unloaded after import = 1
========================================================================
Received Import Request.
  Time since last request: 0.000015 seconds.
  path: Assets/Toon/Shader/Tess/Toon_ShadingGradeMap_AngelRing_TransClipping_Tess.shader
  artifactKey: Guid(54a94f776a43a074c8c2d205bb934005) Importer(2089858483,0ecaa5967403d082aa24f35e1b516d23)
Start importing Assets/Toon/Shader/Tess/Toon_ShadingGradeMap_AngelRing_TransClipping_Tess.shader using Guid(54a94f776a43a074c8c2d205bb934005) Importer(2089858483,0ecaa5967403d082aa24f35e1b516d23)  -> (artifact id: 'b81bd7158020c467b210dff4bd88f921') in 0.013265 seconds
Number of updated asset objects reloaded before import = 0
Number of asset objects unloaded after import = 1
========================================================================
Received Import Request.
  Time since last request: 0.000014 seconds.
  path: Assets/NylonHeart/TolassAndWedge/Animations/Expressions/exp_Dubious_Cat.anim
  artifactKey: Guid(b4472e5e6d132bd46b5e3645408b8a45) Importer(2089858483,0ecaa5967403d082aa24f35e1b516d23)
Start importing Assets/NylonHeart/TolassAndWedge/Animations/Expressions/exp_Dubious_Cat.anim using Guid(b4472e5e6d132bd46b5e3645408b8a45) Importer(2089858483,0ecaa5967403d082aa24f35e1b516d23)  -> (artifact id: '31f3ac4d2c2aaddd637eff7023cf34f5') in 0.009904 seconds
Number of updated asset objects reloaded before import = 0
Number of asset objects unloaded after import = 1
========================================================================
Received Import Request.
  Time since last request: 0.000014 seconds.
  path: Assets/Toon/Shader/Tess/Toon_ShadingGradeMap_TransClipping_Tess.shader
  artifactKey: Guid(feba437d8ff93f745a78828529e9a272) Importer(2089858483,0ecaa5967403d082aa24f35e1b516d23)
Start importing Assets/Toon/Shader/Tess/Toon_ShadingGradeMap_TransClipping_Tess.shader using Guid(feba437d8ff93f745a78828529e9a272) Importer(2089858483,0ecaa5967403d082aa24f35e1b516d23)  -> (artifact id: 'f5124e0f0a6d73f46c81791d5d5c2745') in 0.012502 seconds
Number of updated asset objects reloaded before import = 0
Number of asset objects unloaded after import = 1
========================================================================
Received Import Request.
  Time since last request: 0.000019 seconds.
  path: Assets/Toon/Shader/Tess/Toon_DoubleShadeWithFeather_Tess_Light.shader
  artifactKey: Guid(a3214384442742648aa664ef0039d397) Importer(2089858483,0ecaa5967403d082aa24f35e1b516d23)
Start importing Assets/Toon/Shader/Tess/Toon_DoubleShadeWithFeather_Tess_Light.shader using Guid(a3214384442742648aa664ef0039d397) Importer(2089858483,0ecaa5967403d082aa24f35e1b516d23)  -> (artifact id: '42b678559e066fcc5574948e57f29080') in 0.015818 seconds
Number of updated asset objects reloaded before import = 0
Number of asset objects unloaded after import = 1
========================================================================
Received Import Request.
  Time since last request: 0.000022 seconds.
  path: Assets/lilToon/CustomShaderResources/BRP/DefaultLite.lilblock
  artifactKey: Guid(9cf3e07844b8997479e0d390f5b2b262) Importer(2089858483,0ecaa5967403d082aa24f35e1b516d23)
Start importing Assets/lilToon/CustomShaderResources/BRP/DefaultLite.lilblock using Guid(9cf3e07844b8997479e0d390f5b2b262) Importer(2089858483,0ecaa5967403d082aa24f35e1b516d23)  -> (artifact id: 'e29a181378ea8103405ff8d640d47e40') in 0.008382 seconds
Number of updated asset objects reloaded before import = 0
Number of asset objects unloaded after import = 1
========================================================================
Received Import Request.
  Time since last request: 0.000013 seconds.
  path: Assets/lilToon/Shader/lts_tess.shader
  artifactKey: Guid(3eef4aee6ba0de047b0d40409ea2891c) Importer(2089858483,0ecaa5967403d082aa24f35e1b516d23)
Start importing Assets/lilToon/Shader/lts_tess.shader using Guid(3eef4aee6ba0de047b0d40409ea2891c) Importer(2089858483,0ecaa5967403d082aa24f35e1b516d23)  -> (artifact id: '48a503270a45e7ebfbf9f955a26350f0') in 0.025653 seconds
Number of updated asset objects reloaded before import = 0
Number of asset objects unloaded after import = 1
========================================================================
Received Import Request.
  Time since last request: 0.000015 seconds.
  path: Assets/lilToon/CustomShaderResources/BRP/DefaultTessellation.lilblock
  artifactKey: Guid(d814b8829fb05bc4f9aa50543561d7e3) Importer(2089858483,0ecaa5967403d082aa24f35e1b516d23)
Start importing Assets/lilToon/CustomShaderResources/BRP/DefaultTessellation.lilblock using Guid(d814b8829fb05bc4f9aa50543561d7e3) Importer(2089858483,0ecaa5967403d082aa24f35e1b516d23)  -> (artifact id: 'cbcf104802d190db33b052517071fee0') in 0.013590 seconds
Number of updated asset objects reloaded before import = 0
Number of asset objects unloaded after import = 1
========================================================================
Received Import Request.
  Time since last request: 0.000018 seconds.
  path: Assets/lilToon/Shader/lts_tess_trans.shader
  artifactKey: Guid(afa1a194f5a2fd243bda3a17bca1b36e) Importer(2089858483,0ecaa5967403d082aa24f35e1b516d23)
Start importing Assets/lilToon/Shader/lts_tess_trans.shader using Guid(afa1a194f5a2fd243bda3a17bca1b36e) Importer(2089858483,0ecaa5967403d082aa24f35e1b516d23)  -> (artifact id: '349b49c674c6e446649ec4a47f11bdb0') in 0.021896 seconds
Number of updated asset objects reloaded before import = 0
Number of asset objects unloaded after import = 1
========================================================================
Received Import Request.
  Time since last request: 0.000019 seconds.
  path: Assets/lilToon/CustomShaderResources/HDRP/DefaultUsePassOutline.lilblock
  artifactKey: Guid(480bdca31a882bb40b2d22b7b8d63912) Importer(2089858483,0ecaa5967403d082aa24f35e1b516d23)
Start importing Assets/lilToon/CustomShaderResources/HDRP/DefaultUsePassOutline.lilblock using Guid(480bdca31a882bb40b2d22b7b8d63912) Importer(2089858483,0ecaa5967403d082aa24f35e1b516d23)  -> (artifact id: '5fc09f4c392d243742a99cec3ee8f33b') in 0.008264 seconds
Number of updated asset objects reloaded before import = 0
Number of asset objects unloaded after import = 1
========================================================================
Received Import Request.
  Time since last request: 0.000024 seconds.
  path: Assets/Scenes/VRCDefaultWorldScene/MirrorReflection.mat
  artifactKey: Guid(74437411719f8804ca124d730b8de5e1) Importer(2089858483,0ecaa5967403d082aa24f35e1b516d23)
Start importing Assets/Scenes/VRCDefaultWorldScene/MirrorReflection.mat using Guid(74437411719f8804ca124d730b8de5e1) Importer(2089858483,0ecaa5967403d082aa24f35e1b516d23)  -> (artifact id: '33ec2d7b3c883bc80d14cd8464c393ca') in 0.020251 seconds
Number of updated asset objects reloaded before import = 0
Number of asset objects unloaded after import = 1
========================================================================
Received Import Request.
  Time since last request: 0.000023 seconds.
  path: Assets/lilToon/Editor/Resources/gui_box_inner_half_dark.png
  artifactKey: Guid(a72199a4c9cc3714d8edfbc5d3b13823) Importer(2089858483,0ecaa5967403d082aa24f35e1b516d23)
Start importing Assets/lilToon/Editor/Resources/gui_box_inner_half_dark.png using Guid(a72199a4c9cc3714d8edfbc5d3b13823) Importer(2089858483,0ecaa5967403d082aa24f35e1b516d23)  -> (artifact id: '4c3b9bf0edcb18215146ed5a4bafd6e2') in 0.025215 seconds
Number of updated asset objects reloaded before import = 0
Number of asset objects unloaded after import = 1
========================================================================
Received Import Request.
  Time since last request: 0.000016 seconds.
  path: Assets/lilToon/Shader/ltsl.shader
  artifactKey: Guid(381af8ba8e1740a41b9768ccfb0416c2) Importer(2089858483,0ecaa5967403d082aa24f35e1b516d23)
Start importing Assets/lilToon/Shader/ltsl.shader using Guid(381af8ba8e1740a41b9768ccfb0416c2) Importer(2089858483,0ecaa5967403d082aa24f35e1b516d23)  -> (artifact id: '4c772f748c29401333318135bc5453eb') in 0.012131 seconds
Number of updated asset objects reloaded before import = 0
Number of asset objects unloaded after import = 1
========================================================================
Received Import Request.
  Time since last request: 0.000016 seconds.
  path: Assets/Toon/Shader/Toon_ShadingGradeMap_AngelRing_TransClipping_StencilOut.shader
  artifactKey: Guid(d1e11a558d143f14c864edf263332764) Importer(2089858483,0ecaa5967403d082aa24f35e1b516d23)
Start importing Assets/Toon/Shader/Toon_ShadingGradeMap_AngelRing_TransClipping_StencilOut.shader using Guid(d1e11a558d143f14c864edf263332764) Importer(2089858483,0ecaa5967403d082aa24f35e1b516d23)  -> (artifact id: '8c4f326273a34cd62c8c9065d356d498') in 0.019931 seconds
Number of updated asset objects reloaded before import = 0
Number of asset objects unloaded after import = 1
========================================================================
Received Import Request.
  Time since last request: 0.000016 seconds.
  path: Assets/lilToon/Shader/lts_tess_trans_o.shader
  artifactKey: Guid(9b0c2630b12933248922527d4507cfa9) Importer(2089858483,0ecaa5967403d082aa24f35e1b516d23)
Start importing Assets/lilToon/Shader/lts_tess_trans_o.shader using Guid(9b0c2630b12933248922527d4507cfa9) Importer(2089858483,0ecaa5967403d082aa24f35e1b516d23)  -> (artifact id: '8fe2d95a8738522afebeadc9951a6493') in 0.022965 seconds
Number of updated asset objects reloaded before import = 0
Number of asset objects unloaded after import = 1
========================================================================
Received Import Request.
  Time since last request: 0.000020 seconds.
  path: Assets/lilToon/CustomShaderResources/URP/DefaultLiteTwoSide.lilblock
  artifactKey: Guid(74108b09605a5bf42a5c62a171394b72) Importer(2089858483,0ecaa5967403d082aa24f35e1b516d23)
Start importing Assets/lilToon/CustomShaderResources/URP/DefaultLiteTwoSide.lilblock using Guid(74108b09605a5bf42a5c62a171394b72) Importer(2089858483,0ecaa5967403d082aa24f35e1b516d23)  -> (artifact id: '66403cb2a33a852f00c83a7c1eb4cbda') in 0.008811 seconds
Number of updated asset objects reloaded before import = 0
Number of asset objects unloaded after import = 1
========================================================================
Received Import Request.
  Time since last request: 0.000017 seconds.
  path: Assets/NylonHeart/TolassAndWedge/Animations/Outfits/Otf_HoodieOff.anim
  artifactKey: Guid(133542c949c490348b24fbca568ca1f7) Importer(2089858483,0ecaa5967403d082aa24f35e1b516d23)
Start importing Assets/NylonHeart/TolassAndWedge/Animations/Outfits/Otf_HoodieOff.anim using Guid(133542c949c490348b24fbca568ca1f7) Importer(2089858483,0ecaa5967403d082aa24f35e1b516d23)  -> (artifact id: 'b970be4d528305daca8fbc356bddcb51') in 0.012689 seconds
Number of updated asset objects reloaded before import = 0
Number of asset objects unloaded after import = 1
========================================================================
Received Import Request.
  Time since last request: 0.000016 seconds.
  path: Assets/NylonHeart/TolassAndWedge/Animations/HairStyle/Hir_Default.anim
  artifactKey: Guid(ffbd92e28b9827c4399b1ffc5a17e3c9) Importer(2089858483,0ecaa5967403d082aa24f35e1b516d23)
Start importing Assets/NylonHeart/TolassAndWedge/Animations/HairStyle/Hir_Default.anim using Guid(ffbd92e28b9827c4399b1ffc5a17e3c9) Importer(2089858483,0ecaa5967403d082aa24f35e1b516d23)  -> (artifact id: 'f18b760b44c7d12435407c67ec22da16') in 0.012343 seconds
Number of updated asset objects reloaded before import = 0
Number of asset objects unloaded after import = 1
========================================================================
Received Import Request.
  Time since last request: 0.000012 seconds.
  path: Assets/NylonHeart/TolassAndWedge/Animations/Wedge/WedgeAFK.anim
  artifactKey: Guid(8bd8ff985550407498fa699db7be5e9b) Importer(2089858483,0ecaa5967403d082aa24f35e1b516d23)
Start importing Assets/NylonHeart/TolassAndWedge/Animations/Wedge/WedgeAFK.anim using Guid(8bd8ff985550407498fa699db7be5e9b) Importer(2089858483,0ecaa5967403d082aa24f35e1b516d23)  -> (artifact id: 'f108191dcc5f665acf6fa50f82e5d451') in 0.012900 seconds
Number of updated asset objects reloaded before import = 0
Number of asset objects unloaded after import = 1
========================================================================
Received Import Request.
  Time since last request: 0.000013 seconds.
  path: Assets/NylonHeart/TolassAndWedge/Animations/Wedge/Wedge.Hand.Fist.anim
  artifactKey: Guid(c0f98560180176b409d555e887afcc12) Importer(2089858483,0ecaa5967403d082aa24f35e1b516d23)
Start importing Assets/NylonHeart/TolassAndWedge/Animations/Wedge/Wedge.Hand.Fist.anim using Guid(c0f98560180176b409d555e887afcc12) Importer(2089858483,0ecaa5967403d082aa24f35e1b516d23)  -> (artifact id: 'acab190edb93dddd479ff7c17d5ae4ec') in 0.010937 seconds
Number of updated asset objects reloaded before import = 0
Number of asset objects unloaded after import = 1
========================================================================
Received Import Request.
  Time since last request: 0.000015 seconds.
  path: Assets/NylonHeart/TolassAndWedge/Animations/Expressions/exp_Sad.anim
  artifactKey: Guid(f9346fcbfc4869e4894727add9795f7f) Importer(2089858483,0ecaa5967403d082aa24f35e1b516d23)
Start importing Assets/NylonHeart/TolassAndWedge/Animations/Expressions/exp_Sad.anim using Guid(f9346fcbfc4869e4894727add9795f7f) Importer(2089858483,0ecaa5967403d082aa24f35e1b516d23)  -> (artifact id: '7e5ed32ec8ad285d8f93b264f1e02468') in 0.013612 seconds
Number of updated asset objects reloaded before import = 0
Number of asset objects unloaded after import = 1
========================================================================
Received Import Request.
  Time since last request: 0.000014 seconds.
  path: Assets/NylonHeart/TolassAndWedge/Icons/expressions/exp_03.png
  artifactKey: Guid(5c5693aaa86faeb448a1606c0d099846) Importer(2089858483,0ecaa5967403d082aa24f35e1b516d23)
Start importing Assets/NylonHeart/TolassAndWedge/Icons/expressions/exp_03.png using Guid(5c5693aaa86faeb448a1606c0d099846) Importer(2089858483,0ecaa5967403d082aa24f35e1b516d23)  -> (artifact id: '34783e8df57acef56a3de4294a04c3d8') in 0.039364 seconds
Number of updated asset objects reloaded before import = 0
Number of asset objects unloaded after import = 1
========================================================================
Received Import Request.
  Time since last request: 0.000016 seconds.
  path: Assets/NylonHeart/TolassAndWedge/Animations/HairStyle/Hir_Short.anim
  artifactKey: Guid(ff1d6827bf78f6f409d9515bb333f44b) Importer(2089858483,0ecaa5967403d082aa24f35e1b516d23)
Start importing Assets/NylonHeart/TolassAndWedge/Animations/HairStyle/Hir_Short.anim using Guid(ff1d6827bf78f6f409d9515bb333f44b) Importer(2089858483,0ecaa5967403d082aa24f35e1b516d23)  -> (artifact id: '2b5295f85ef15c6676210c9db59049b0') in 0.012606 seconds
Number of updated asset objects reloaded before import = 0
Number of asset objects unloaded after import = 1
========================================================================
Received Import Request.
  Time since last request: 0.000021 seconds.
  path: Assets/NylonHeart/TolassAndWedge/Animations/Wedge/Hand.RockNRoll.anim
  artifactKey: Guid(e727a86031d06e549b54507ce227b908) Importer(2089858483,0ecaa5967403d082aa24f35e1b516d23)
Start importing Assets/NylonHeart/TolassAndWedge/Animations/Wedge/Hand.RockNRoll.anim using Guid(e727a86031d06e549b54507ce227b908) Importer(2089858483,0ecaa5967403d082aa24f35e1b516d23)  -> (artifact id: '8bb4199cee5a9b80c898502d78bd877c') in 0.027218 seconds
Number of updated asset objects reloaded before import = 0
Number of asset objects unloaded after import = 1
========================================================================
Received Import Request.
  Time since last request: 0.000015 seconds.
  path: Assets/NylonHeart/TolassAndWedge/Animations/Expressions/exp_Nagomi.anim
  artifactKey: Guid(1f8fcaa9ad9ad844e85a0bd24657b750) Importer(2089858483,0ecaa5967403d082aa24f35e1b516d23)
Start importing Assets/NylonHeart/TolassAndWedge/Animations/Expressions/exp_Nagomi.anim using Guid(1f8fcaa9ad9ad844e85a0bd24657b750) Importer(2089858483,0ecaa5967403d082aa24f35e1b516d23)  -> (artifact id: '9cd0955919b3d54c7d14faaefb04eddf') in 0.018350 seconds
Number of updated asset objects reloaded before import = 0
Number of asset objects unloaded after import = 1
========================================================================
Received Import Request.
  Time since last request: 0.000020 seconds.
  path: Assets/NylonHeart/TolassAndWedge/Animations/Wedge/Hand.Gun.anim
  artifactKey: Guid(8897ee14011f5304a8c301ef136ff0ac) Importer(2089858483,0ecaa5967403d082aa24f35e1b516d23)
Start importing Assets/NylonHeart/TolassAndWedge/Animations/Wedge/Hand.Gun.anim using Guid(8897ee14011f5304a8c301ef136ff0ac) Importer(2089858483,0ecaa5967403d082aa24f35e1b516d23)  -> (artifact id: 'f34694a9aefaa96124e820dab7401860') in 0.021613 seconds
Number of updated asset objects reloaded before import = 0
Number of asset objects unloaded after import = 1
========================================================================
Received Import Request.
  Time since last request: 0.000019 seconds.
  path: Assets/NylonHeart/TolassAndWedge/Animations/Wedge/Action.moi.struggle.anim
  artifactKey: Guid(bb4af5d8c9bcf234db27761c26bcb68d) Importer(2089858483,0ecaa5967403d082aa24f35e1b516d23)
Start importing Assets/NylonHeart/TolassAndWedge/Animations/Wedge/Action.moi.struggle.anim using Guid(bb4af5d8c9bcf234db27761c26bcb68d) Importer(2089858483,0ecaa5967403d082aa24f35e1b516d23)  -> (artifact id: 'f3bdb05a60a1487758232745e3e5953f') in 0.069541 seconds
Number of updated asset objects reloaded before import = 0
Number of asset objects unloaded after import = 1
========================================================================
Received Import Request.
  Time since last request: 0.000018 seconds.
  path: Assets/NylonHeart/TolassAndWedge/Animations/Expressions/exp_Smile.anim
  artifactKey: Guid(d593b0cc3fd50014fb299b8091de84f8) Importer(2089858483,0ecaa5967403d082aa24f35e1b516d23)
Start importing Assets/NylonHeart/TolassAndWedge/Animations/Expressions/exp_Smile.anim using Guid(d593b0cc3fd50014fb299b8091de84f8) Importer(2089858483,0ecaa5967403d082aa24f35e1b516d23)  -> (artifact id: '881d8ccf81b2b4690f3d499878447353') in 0.010926 seconds
Number of updated asset objects reloaded before import = 0
Number of asset objects unloaded after import = 1
========================================================================
Received Import Request.
  Time since last request: 0.000027 seconds.
  path: Assets/NylonHeart/TolassAndWedge/Animations/Wedge/Exp_Ouch.anim
  artifactKey: Guid(78aec2f2f67be6e4a97dffddc248402c) Importer(2089858483,0ecaa5967403d082aa24f35e1b516d23)
Start importing Assets/NylonHeart/TolassAndWedge/Animations/Wedge/Exp_Ouch.anim using Guid(78aec2f2f67be6e4a97dffddc248402c) Importer(2089858483,0ecaa5967403d082aa24f35e1b516d23)  -> (artifact id: '2918b1ccdf7f724bfe1ac7a1a651ed55') in 0.010243 seconds
Number of updated asset objects reloaded before import = 0
Number of asset objects unloaded after import = 1
========================================================================
Received Import Request.
  Time since last request: 0.000016 seconds.
  path: Assets/NylonHeart/TolassAndWedge/Animations/Expressions/exp_NikoPachiPaka.anim
  artifactKey: Guid(03917333fa660524dbc3f8555f3ee1cc) Importer(2089858483,0ecaa5967403d082aa24f35e1b516d23)
Start importing Assets/NylonHeart/TolassAndWedge/Animations/Expressions/exp_NikoPachiPaka.anim using Guid(03917333fa660524dbc3f8555f3ee1cc) Importer(2089858483,0ecaa5967403d082aa24f35e1b516d23)  -> (artifact id: 'f4e255fc8ef400d23285007f2a0ae5fa') in 0.010862 seconds
Number of updated asset objects reloaded before import = 0
Number of asset objects unloaded after import = 1
========================================================================
Received Import Request.
  Time since last request: 0.000017 seconds.
  path: Assets/NylonHeart/TolassAndWedge/Icons/expressions/exp_04.png
  artifactKey: Guid(3a5437c98ae33904ab3ccbd199ca7831) Importer(2089858483,0ecaa5967403d082aa24f35e1b516d23)
Start importing Assets/NylonHeart/TolassAndWedge/Icons/expressions/exp_04.png using Guid(3a5437c98ae33904ab3ccbd199ca7831) Importer(2089858483,0ecaa5967403d082aa24f35e1b516d23)  -> (artifact id: 'f3921f3b2836ad8c2b39eaef9adcd4b8') in 0.035363 seconds
Number of updated asset objects reloaded before import = 0
Number of asset objects unloaded after import = 1
========================================================================
Received Import Request.
  Time since last request: 0.000018 seconds.
  path: Assets/NylonHeart/TolassAndWedge/Animations/Expressions/exp_Smile_Paka_Cat.anim
  artifactKey: Guid(795e5dc67f1fa0244825255fd3e8b5ac) Importer(2089858483,0ecaa5967403d082aa24f35e1b516d23)
Start importing Assets/NylonHeart/TolassAndWedge/Animations/Expressions/exp_Smile_Paka_Cat.anim using Guid(795e5dc67f1fa0244825255fd3e8b5ac) Importer(2089858483,0ecaa5967403d082aa24f35e1b516d23)  -> (artifact id: '14108aa04bd97b550e4eff2b049fec05') in 0.012026 seconds
Number of updated asset objects reloaded before import = 0
Number of asset objects unloaded after import = 1
========================================================================
Received Import Request.
  Time since last request: 0.000026 seconds.
  path: Assets/NylonHeart/TolassAndWedge/Icons/expressions/exp_06.png
  artifactKey: Guid(db417e22c402d9549a2cdc4ec02048e0) Importer(2089858483,0ecaa5967403d082aa24f35e1b516d23)
Start importing Assets/NylonHeart/TolassAndWedge/Icons/expressions/exp_06.png using Guid(db417e22c402d9549a2cdc4ec02048e0) Importer(2089858483,0ecaa5967403d082aa24f35e1b516d23)  -> (artifact id: '6029177f45ce7b3f7cbf464ccefe1ab6') in 0.057379 seconds
Number of updated asset objects reloaded before import = 0
Number of asset objects unloaded after import = 1
========================================================================
Received Import Request.
  Time since last request: 0.000016 seconds.
  path: Assets/NylonHeart/TolassAndWedge/Animations/HairStyle/Hir_Raw.anim
  artifactKey: Guid(7b097a47808fa5549a5f742c2f1d07b2) Importer(2089858483,0ecaa5967403d082aa24f35e1b516d23)
Start importing Assets/NylonHeart/TolassAndWedge/Animations/HairStyle/Hir_Raw.anim using Guid(7b097a47808fa5549a5f742c2f1d07b2) Importer(2089858483,0ecaa5967403d082aa24f35e1b516d23)  -> (artifact id: '94d8ef103a9e6882748b5f873868dd5b') in 0.011519 seconds
Number of updated asset objects reloaded before import = 0
Number of asset objects unloaded after import = 1
========================================================================
Received Import Request.
  Time since last request: 0.000014 seconds.
  path: Assets/Toon/Shader/Tess/Toon_DoubleShadeWithFeather_Clipping_Tess.shader
  artifactKey: Guid(f0b2fc9b8a189134da9c7d24f361caf4) Importer(2089858483,0ecaa5967403d082aa24f35e1b516d23)
Start importing Assets/Toon/Shader/Tess/Toon_DoubleShadeWithFeather_Clipping_Tess.shader using Guid(f0b2fc9b8a189134da9c7d24f361caf4) Importer(2089858483,0ecaa5967403d082aa24f35e1b516d23)  -> (artifact id: '6d84511801125d8a7b20b7a57c219ad9') in 0.015267 seconds
Number of updated asset objects reloaded before import = 0
Number of asset objects unloaded after import = 1
========================================================================
Received Import Request.
  Time since last request: 0.000017 seconds.
  path: Assets/NylonHeart/TolassAndWedge/Tolass4.5.prefab
  artifactKey: Guid(c9ef73b492c524845b3067c4c392af1d) Importer(2089858483,0ecaa5967403d082aa24f35e1b516d23)
Start importing Assets/NylonHeart/TolassAndWedge/Tolass4.5.prefab using Guid(c9ef73b492c524845b3067c4c392af1d) Importer(2089858483,0ecaa5967403d082aa24f35e1b516d23)  -> (artifact id: 'ac85c4aef690650bb0e157602426d584') in 0.061466 seconds
Number of updated asset objects reloaded before import = 0
Number of asset objects unloaded after import = 364
========================================================================
Received Import Request.
  Time since last request: 0.000014 seconds.
  path: Assets/NylonHeart/TolassAndWedge/Icons/expressions/exp_45.png
  artifactKey: Guid(ee2400e31eb20394b8fa32a474bd3f51) Importer(2089858483,0ecaa5967403d082aa24f35e1b516d23)
Start importing Assets/NylonHeart/TolassAndWedge/Icons/expressions/exp_45.png using Guid(ee2400e31eb20394b8fa32a474bd3f51) Importer(2089858483,0ecaa5967403d082aa24f35e1b516d23)  -> (artifact id: '1f250ce5af982482a65825655b38e08c') in 0.051591 seconds
Number of updated asset objects reloaded before import = 0
Number of asset objects unloaded after import = 1
========================================================================
Received Import Request.
  Time since last request: 0.000019 seconds.
  path: Assets/NylonHeart/TolassAndWedge/Icons/expressions/exp_64.png
  artifactKey: Guid(757279e5e8c52de4e84c2d8a394bd75e) Importer(2089858483,0ecaa5967403d082aa24f35e1b516d23)
Start importing Assets/NylonHeart/TolassAndWedge/Icons/expressions/exp_64.png using Guid(757279e5e8c52de4e84c2d8a394bd75e) Importer(2089858483,0ecaa5967403d082aa24f35e1b516d23)  -> (artifact id: 'a1dd6c01e3139660c1eef024abcbb03a') in 0.032592 seconds
Number of updated asset objects reloaded before import = 0
Number of asset objects unloaded after import = 1
========================================================================
Received Import Request.
  Time since last request: 0.000023 seconds.
  path: Assets/NylonHeart/TolassAndWedge/Icons/expressions/exp_21.png
  artifactKey: Guid(1a98c9769299b1443ae512e6b494bffb) Importer(2089858483,0ecaa5967403d082aa24f35e1b516d23)
Start importing Assets/NylonHeart/TolassAndWedge/Icons/expressions/exp_21.png using Guid(1a98c9769299b1443ae512e6b494bffb) Importer(2089858483,0ecaa5967403d082aa24f35e1b516d23)  -> (artifact id: 'f7965564fc63224a1edd121b796d51b5') in 0.032159 seconds
Number of updated asset objects reloaded before import = 0
Number of asset objects unloaded after import = 1
========================================================================
Received Import Request.
  Time since last request: 0.000014 seconds.
  path: Assets/NylonHeart/TolassAndWedge/Icons/expressions/exp_56.png
  artifactKey: Guid(d19ba9f8d2466ff47971df821172370b) Importer(2089858483,0ecaa5967403d082aa24f35e1b516d23)
Start importing Assets/NylonHeart/TolassAndWedge/Icons/expressions/exp_56.png using Guid(d19ba9f8d2466ff47971df821172370b) Importer(2089858483,0ecaa5967403d082aa24f35e1b516d23)  -> (artifact id: 'd96887b35736c77049aef46ddcc6ce07') in 0.050001 seconds
Number of updated asset objects reloaded before import = 0
Number of asset objects unloaded after import = 1
========================================================================
Received Import Request.
  Time since last request: 0.000032 seconds.
  path: Assets/NylonHeart/TolassAndWedge/Icons/expressions/exp_41.png
  artifactKey: Guid(da53dcfeeea46fd4eb686c3821278121) Importer(2089858483,0ecaa5967403d082aa24f35e1b516d23)
Start importing Assets/NylonHeart/TolassAndWedge/Icons/expressions/exp_41.png using Guid(da53dcfeeea46fd4eb686c3821278121) Importer(2089858483,0ecaa5967403d082aa24f35e1b516d23)  -> (artifact id: '7f2f79325c95c33f499a0182509cc680') in 0.053712 seconds
Number of updated asset objects reloaded before import = 0
Number of asset objects unloaded after import = 1
========================================================================
Received Import Request.
  Time since last request: 0.000035 seconds.
  path: Assets/NylonHeart/TolassAndWedge/Icons/expressions/exp_61.png
  artifactKey: Guid(219dd8e253ba72c4885f39fea9220dae) Importer(2089858483,0ecaa5967403d082aa24f35e1b516d23)
Start importing Assets/NylonHeart/TolassAndWedge/Icons/expressions/exp_61.png using Guid(219dd8e253ba72c4885f39fea9220dae) Importer(2089858483,0ecaa5967403d082aa24f35e1b516d23)  -> (artifact id: 'b105d16c2ebde6ea881990e3bda13243') in 0.035289 seconds
Number of updated asset objects reloaded before import = 0
Number of asset objects unloaded after import = 1
========================================================================
Received Import Request.
  Time since last request: 0.000014 seconds.
  path: Assets/NylonHeart/TolassAndWedge/Animations/Expressions/exp_Nyapa.anim
  artifactKey: Guid(ea30b64d54d9d104b9d1de71327a9503) Importer(2089858483,0ecaa5967403d082aa24f35e1b516d23)
Start importing Assets/NylonHeart/TolassAndWedge/Animations/Expressions/exp_Nyapa.anim using Guid(ea30b64d54d9d104b9d1de71327a9503) Importer(2089858483,0ecaa5967403d082aa24f35e1b516d23)  -> (artifact id: 'eeb4aa5fc5e782113df91626fb875844') in 0.012794 seconds
Number of updated asset objects reloaded before import = 0
Number of asset objects unloaded after import = 1
========================================================================
Received Import Request.
  Time since last request: 0.000017 seconds.
  path: Assets/NylonHeart/TolassAndWedge/Icons/expressions/exp_10.png
  artifactKey: Guid(8ae23f476c81b4644a4659b3a4604a5c) Importer(2089858483,0ecaa5967403d082aa24f35e1b516d23)
Start importing Assets/NylonHeart/TolassAndWedge/Icons/expressions/exp_10.png using Guid(8ae23f476c81b4644a4659b3a4604a5c) Importer(2089858483,0ecaa5967403d082aa24f35e1b516d23)  -> (artifact id: '2383f6bf11cf31beeefd997f9d832667') in 0.033618 seconds
Number of updated asset objects reloaded before import = 0
Number of asset objects unloaded after import = 1
========================================================================
Received Import Request.
  Time since last request: 0.000023 seconds.
  path: Assets/NylonHeart/TolassAndWedge/Animations/Expressions/exp_Odoroki.anim
  artifactKey: Guid(c1403127d9e90424791db1ecd74eeace) Importer(2089858483,0ecaa5967403d082aa24f35e1b516d23)
Start importing Assets/NylonHeart/TolassAndWedge/Animations/Expressions/exp_Odoroki.anim using Guid(c1403127d9e90424791db1ecd74eeace) Importer(2089858483,0ecaa5967403d082aa24f35e1b516d23)  -> (artifact id: '1a89b2fee390bb11fb962c97a09834ca') in 0.010690 seconds
Number of updated asset objects reloaded before import = 0
Number of asset objects unloaded after import = 1
========================================================================
Received Import Request.
  Time since last request: 0.000025 seconds.
  path: Assets/NylonHeart/TolassAndWedge/Icons/expressions/exp_40.png
  artifactKey: Guid(2d58d53159bb283448f722bb92188b3e) Importer(2089858483,0ecaa5967403d082aa24f35e1b516d23)
Start importing Assets/NylonHeart/TolassAndWedge/Icons/expressions/exp_40.png using Guid(2d58d53159bb283448f722bb92188b3e) Importer(2089858483,0ecaa5967403d082aa24f35e1b516d23)  -> (artifact id: '3ec17c27edfad02c92bc1333ae15e113') in 0.028466 seconds
Number of updated asset objects reloaded before import = 0
Number of asset objects unloaded after import = 1
========================================================================
Received Import Request.
  Time since last request: 0.000016 seconds.
  path: Assets/NylonHeart/TolassAndWedge/Icons/expressions/exp_08.png
  artifactKey: Guid(2d722524e94a45e468ad7d42cc341f82) Importer(2089858483,0ecaa5967403d082aa24f35e1b516d23)
Start importing Assets/NylonHeart/TolassAndWedge/Icons/expressions/exp_08.png using Guid(2d722524e94a45e468ad7d42cc341f82) Importer(2089858483,0ecaa5967403d082aa24f35e1b516d23)  -> (artifact id: 'bc693e0db8e2aaf15db0bc22af8dd0a2') in 0.027963 seconds
Number of updated asset objects reloaded before import = 0
Number of asset objects unloaded after import = 1
========================================================================
Received Import Request.
  Time since last request: 0.000017 seconds.
  path: Assets/NylonHeart/TolassAndWedge/Icons/expressions/exp_28.png
  artifactKey: Guid(08ffd93ed732cad4a8983812302cf4f3) Importer(2089858483,0ecaa5967403d082aa24f35e1b516d23)
Start importing Assets/NylonHeart/TolassAndWedge/Icons/expressions/exp_28.png using Guid(08ffd93ed732cad4a8983812302cf4f3) Importer(2089858483,0ecaa5967403d082aa24f35e1b516d23)  -> (artifact id: '74f5dcd37d6b21ef596716684c3c3330') in 0.037858 seconds
Number of updated asset objects reloaded before import = 0
Number of asset objects unloaded after import = 1
========================================================================
Received Import Request.
  Time since last request: 0.000016 seconds.
  path: Assets/NylonHeart/TolassAndWedge/Icons/expressions/exp_12.png
  artifactKey: Guid(d13d37fd9f9281c488928d77f3abd4a2) Importer(2089858483,0ecaa5967403d082aa24f35e1b516d23)
Start importing Assets/NylonHeart/TolassAndWedge/Icons/expressions/exp_12.png using Guid(d13d37fd9f9281c488928d77f3abd4a2) Importer(2089858483,0ecaa5967403d082aa24f35e1b516d23)  -> (artifact id: '060c6fd8233c8d751a605e55932dafb7') in 0.027453 seconds
Number of updated asset objects reloaded before import = 0
Number of asset objects unloaded after import = 1
========================================================================
Received Import Request.
  Time since last request: 0.000016 seconds.
  path: Assets/NylonHeart/TolassAndWedge/Materials/Textures/Tolass.Skin.Line512.png
  artifactKey: Guid(e45fc51f96e6c66499c7eef59c4f9d75) Importer(2089858483,0ecaa5967403d082aa24f35e1b516d23)
Start importing Assets/NylonHeart/TolassAndWedge/Materials/Textures/Tolass.Skin.Line512.png using Guid(e45fc51f96e6c66499c7eef59c4f9d75) Importer(2089858483,0ecaa5967403d082aa24f35e1b516d23)  -> (artifact id: 'c4e3c9555208b9edebbaa9d87c3aa3ff') in 0.021884 seconds
Number of updated asset objects reloaded before import = 0
Number of asset objects unloaded after import = 1
========================================================================
Received Import Request.
  Time since last request: 0.000015 seconds.
  path: Assets/NylonHeart/TolassAndWedge/Materials/Textures/Tolass.Hoodie.Color.png
  artifactKey: Guid(5bad1289ac7c6d041b588af9eb32c62c) Importer(2089858483,0ecaa5967403d082aa24f35e1b516d23)
Start importing Assets/NylonHeart/TolassAndWedge/Materials/Textures/Tolass.Hoodie.Color.png using Guid(5bad1289ac7c6d041b588af9eb32c62c) Importer(2089858483,0ecaa5967403d082aa24f35e1b516d23)  -> (artifact id: '61f0ba611e4aa2f999fa4ca2ab24412a') in 0.033342 seconds
Number of updated asset objects reloaded before import = 0
Number of asset objects unloaded after import = 1
========================================================================
Received Import Request.
  Time since last request: 0.000018 seconds.
  path: Assets/NylonHeart/TolassAndWedge/Materials/Textures/Wedge.Line256.png
  artifactKey: Guid(410280b6232b69740b1f0aefcd0d98f3) Importer(2089858483,0ecaa5967403d082aa24f35e1b516d23)
Start importing Assets/NylonHeart/TolassAndWedge/Materials/Textures/Wedge.Line256.png using Guid(410280b6232b69740b1f0aefcd0d98f3) Importer(2089858483,0ecaa5967403d082aa24f35e1b516d23)  -> (artifact id: '5e9cb336b17cc0980893d7113f48503b') in 0.022509 seconds
Number of updated asset objects reloaded before import = 0
Number of asset objects unloaded after import = 1
========================================================================
Received Import Request.
  Time since last request: 0.000102 seconds.
  path: Assets/NylonHeart/TolassAndWedge/Materials/Textures/Wedge.Color.png
  artifactKey: Guid(70e8de50e9f31264b96a1bdd9da9696a) Importer(2089858483,0ecaa5967403d082aa24f35e1b516d23)
Start importing Assets/NylonHeart/TolassAndWedge/Materials/Textures/Wedge.Color.png using Guid(70e8de50e9f31264b96a1bdd9da9696a) Importer(2089858483,0ecaa5967403d082aa24f35e1b516d23)  -> (artifact id: '51364890936f30626de6efcd1d5349e1') in 0.037468 seconds
Number of updated asset objects reloaded before import = 0
Number of asset objects unloaded after import = 1
========================================================================
Received Import Request.
  Time since last request: 0.000019 seconds.
  path: Assets/NylonHeart/TolassAndWedge/Materials/Textures/Tolass.Hair.AngelRing.png
  artifactKey: Guid(10edf4ef8c9bed44da10e9e7ae0ec713) Importer(2089858483,0ecaa5967403d082aa24f35e1b516d23)
Start importing Assets/NylonHeart/TolassAndWedge/Materials/Textures/Tolass.Hair.AngelRing.png using Guid(10edf4ef8c9bed44da10e9e7ae0ec713) Importer(2089858483,0ecaa5967403d082aa24f35e1b516d23)  -> (artifact id: '8ac8167817228893ef9200c87bdc2c01') in 0.020536 seconds
Number of updated asset objects reloaded before import = 0
Number of asset objects unloaded after import = 1
========================================================================
Received Import Request.
  Time since last request: 0.000013 seconds.
  path: Assets/NylonHeart/TolassAndWedge/Icons/expressions/exp_58.png
  artifactKey: Guid(a1c631f7ebdd5ef4ca02d90bf91d7009) Importer(2089858483,0ecaa5967403d082aa24f35e1b516d23)
Start importing Assets/NylonHeart/TolassAndWedge/Icons/expressions/exp_58.png using Guid(a1c631f7ebdd5ef4ca02d90bf91d7009) Importer(2089858483,0ecaa5967403d082aa24f35e1b516d23)  -> (artifact id: 'd2c14a9101387a9e8332ed7bfa003999') in 0.052792 seconds
Number of updated asset objects reloaded before import = 0
Number of asset objects unloaded after import = 1
========================================================================
Received Import Request.
  Time since last request: 0.000014 seconds.
  path: Assets/NylonHeart/TolassAndWedge/Animations/Expressions/exp_Niko.anim
  artifactKey: Guid(9ad43eee7652b434da2b832a176ebc21) Importer(2089858483,0ecaa5967403d082aa24f35e1b516d23)
Start importing Assets/NylonHeart/TolassAndWedge/Animations/Expressions/exp_Niko.anim using Guid(9ad43eee7652b434da2b832a176ebc21) Importer(2089858483,0ecaa5967403d082aa24f35e1b516d23)  -> (artifact id: '4740f80c324c378ee1387ce612b64fb7') in 0.011174 seconds
Number of updated asset objects reloaded before import = 0
Number of asset objects unloaded after import = 1
========================================================================
Received Import Request.
  Time since last request: 0.000014 seconds.
  path: Assets/UdonSharp/UtilityScripts/BoneFollower.cs
  artifactKey: Guid(d1a6820e86752e14d8227ad846e6ab81) Importer(2089858483,0ecaa5967403d082aa24f35e1b516d23)
Start importing Assets/UdonSharp/UtilityScripts/BoneFollower.cs using Guid(d1a6820e86752e14d8227ad846e6ab81) Importer(2089858483,0ecaa5967403d082aa24f35e1b516d23)  -> (artifact id: 'ded90dc2380fa1fb35dfe5fb35a0d54a') in 0.009972 seconds
Number of updated asset objects reloaded before import = 0
Number of asset objects unloaded after import = 1
========================================================================
Received Import Request.
  Time since last request: 0.000016 seconds.
  path: Assets/lilToon/CustomShaderResources/LWRP/DefaultMultiFur.lilblock
  artifactKey: Guid(9143ec0d4677acd43927bb69cd1cda1b) Importer(2089858483,0ecaa5967403d082aa24f35e1b516d23)
Start importing Assets/lilToon/CustomShaderResources/LWRP/DefaultMultiFur.lilblock using Guid(9143ec0d4677acd43927bb69cd1cda1b) Importer(2089858483,0ecaa5967403d082aa24f35e1b516d23)  -> (artifact id: '885f7da0a8469660e09dc651ba797d91') in 0.010646 seconds
Number of updated asset objects reloaded before import = 0
Number of asset objects unloaded after import = 1
========================================================================
Received Import Request.
  Time since last request: 0.000015 seconds.
  path: Assets/NylonHeart/TolassAndWedge/Animations/Expressions/exp_Smile_Sweat.anim
  artifactKey: Guid(39acca3ec90ab0241aa07ef7a1fe2fe0) Importer(2089858483,0ecaa5967403d082aa24f35e1b516d23)
Start importing Assets/NylonHeart/TolassAndWedge/Animations/Expressions/exp_Smile_Sweat.anim using Guid(39acca3ec90ab0241aa07ef7a1fe2fe0) Importer(2089858483,0ecaa5967403d082aa24f35e1b516d23)  -> (artifact id: 'd487ae4321cabecf76a379d75b13e778') in 0.012070 seconds
Number of updated asset objects reloaded before import = 0
Number of asset objects unloaded after import = 1
========================================================================
Received Import Request.
  Time since last request: 0.000015 seconds.
  path: Assets/NylonHeart/TolassAndWedge/Icons/expressions/exp_31.png
  artifactKey: Guid(e2dc78dbd1cc04f42ae0134ffdfacfd0) Importer(2089858483,0ecaa5967403d082aa24f35e1b516d23)
Start importing Assets/NylonHeart/TolassAndWedge/Icons/expressions/exp_31.png using Guid(e2dc78dbd1cc04f42ae0134ffdfacfd0) Importer(2089858483,0ecaa5967403d082aa24f35e1b516d23)  -> (artifact id: 'bd4c66275911d4ac68d7660e4d94ed45') in 0.035181 seconds
Number of updated asset objects reloaded before import = 0
Number of asset objects unloaded after import = 1
========================================================================
Received Import Request.
  Time since last request: 0.000016 seconds.
  path: Assets/Toon/Shader/Toon_ShadingGradeMap_Mobile.shader
  artifactKey: Guid(f90e11a40dcf4f745ae6b21b857943fa) Importer(2089858483,0ecaa5967403d082aa24f35e1b516d23)
Start importing Assets/Toon/Shader/Toon_ShadingGradeMap_Mobile.shader using Guid(f90e11a40dcf4f745ae6b21b857943fa) Importer(2089858483,0ecaa5967403d082aa24f35e1b516d23)  -> (artifact id: '9cb061fb3e4fe9ad405c0a4958b13c0d') in 0.014022 seconds
Number of updated asset objects reloaded before import = 0
Number of asset objects unloaded after import = 1
========================================================================
Received Import Request.
  Time since last request: 0.000030 seconds.
  path: Assets/Toon/Shader/Toon_ShadingGradeMap_AngelRing_Mobile.shader
  artifactKey: Guid(23e399973d807464fb195291a44a614c) Importer(2089858483,0ecaa5967403d082aa24f35e1b516d23)
Start importing Assets/Toon/Shader/Toon_ShadingGradeMap_AngelRing_Mobile.shader using Guid(23e399973d807464fb195291a44a614c) Importer(2089858483,0ecaa5967403d082aa24f35e1b516d23)  -> (artifact id: 'f65c30cab08d8820e0b067d5d1d2de40') in 0.013803 seconds
Number of updated asset objects reloaded before import = 0
Number of asset objects unloaded after import = 1
========================================================================
Received Import Request.
  Time since last request: 0.000016 seconds.
  path: Assets/lilToon/Shader/Includes/lil_pass_forward_gem.hlsl
  artifactKey: Guid(d99da3dcbd650a245a828a50cd8ed9af) Importer(2089858483,0ecaa5967403d082aa24f35e1b516d23)
Start importing Assets/lilToon/Shader/Includes/lil_pass_forward_gem.hlsl using Guid(d99da3dcbd650a245a828a50cd8ed9af) Importer(2089858483,0ecaa5967403d082aa24f35e1b516d23)  -> (artifact id: '18a52602b6f0c4b3aacde1c60970ef21') in 0.013537 seconds
Number of updated asset objects reloaded before import = 0
Number of asset objects unloaded after import = 1
========================================================================
Received Import Request.
  Time since last request: 0.000014 seconds.
  path: Assets/lilToon/Editor/lilToonEditorUtils.cs
  artifactKey: Guid(5849833bec4d7ba46bb9aa428ea3c8e4) Importer(2089858483,0ecaa5967403d082aa24f35e1b516d23)
Start importing Assets/lilToon/Editor/lilToonEditorUtils.cs using Guid(5849833bec4d7ba46bb9aa428ea3c8e4) Importer(2089858483,0ecaa5967403d082aa24f35e1b516d23)  -> (artifact id: 'c24c34c4261920678d5ddb5dbee72e69') in 0.011274 seconds
Number of updated asset objects reloaded before import = 0
Number of asset objects unloaded after import = 1
========================================================================
Received Import Request.
  Time since last request: 0.000017 seconds.
  path: Assets/lilToon/Shader/ltspass_tess_opaque.shader
  artifactKey: Guid(7a7ac427f85673a45a3e4190fc10bc28) Importer(2089858483,0ecaa5967403d082aa24f35e1b516d23)
Start importing Assets/lilToon/Shader/ltspass_tess_opaque.shader using Guid(7a7ac427f85673a45a3e4190fc10bc28) Importer(2089858483,0ecaa5967403d082aa24f35e1b516d23)  -> (artifact id: '4ea7b8bafccf19b0ffc4e8134228955d') in 0.026944 seconds
Number of updated asset objects reloaded before import = 0
Number of asset objects unloaded after import = 1
========================================================================
Received Import Request.
  Time since last request: 0.000016 seconds.
  path: Assets/NylonHeart/TolassAndWedge/Icons/expressions/exp_15.png
  artifactKey: Guid(5983b5b88eb27804680f3142fa1d6e22) Importer(2089858483,0ecaa5967403d082aa24f35e1b516d23)
Start importing Assets/NylonHeart/TolassAndWedge/Icons/expressions/exp_15.png using Guid(5983b5b88eb27804680f3142fa1d6e22) Importer(2089858483,0ecaa5967403d082aa24f35e1b516d23)  -> (artifact id: 'dde6bd35ae69ebe740cec109ee0d5fd2') in 0.046670 seconds
Number of updated asset objects reloaded before import = 0
Number of asset objects unloaded after import = 1
========================================================================
Received Import Request.
  Time since last request: 0.000040 seconds.
  path: Assets/lilToon/Shader/lts_furonly_cutout.shader
  artifactKey: Guid(7ec9f85eb7ee04943adfe19c2ba5901f) Importer(2089858483,0ecaa5967403d082aa24f35e1b516d23)
Start importing Assets/lilToon/Shader/lts_furonly_cutout.shader using Guid(7ec9f85eb7ee04943adfe19c2ba5901f) Importer(2089858483,0ecaa5967403d082aa24f35e1b516d23)  -> (artifact id: '9c8632179cf2618db219591d24c33bb5') in 0.022213 seconds
Number of updated asset objects reloaded before import = 0
Number of asset objects unloaded after import = 1
========================================================================
Received Import Request.
  Time since last request: 0.000016 seconds.
  path: Assets/lilToon/CustomShaderResources/HDRP/DefaultGem.lilblock
  artifactKey: Guid(adc33142a62c77c4988827b484fcc28d) Importer(2089858483,0ecaa5967403d082aa24f35e1b516d23)
Start importing Assets/lilToon/CustomShaderResources/HDRP/DefaultGem.lilblock using Guid(adc33142a62c77c4988827b484fcc28d) Importer(2089858483,0ecaa5967403d082aa24f35e1b516d23)  -> (artifact id: '7612b22f16603178712b1835557edc66') in 0.009143 seconds
Number of updated asset objects reloaded before import = 0
Number of asset objects unloaded after import = 1
========================================================================
Received Import Request.
  Time since last request: 4.928802 seconds.
  path: Assets/UdonSharp/Settings
  artifactKey: Guid(8a94235d73e4fb946b2f792a4161df1d) Importer(2089858483,0ecaa5967403d082aa24f35e1b516d23)
Start importing Assets/UdonSharp/Settings using Guid(8a94235d73e4fb946b2f792a4161df1d) Importer(2089858483,0ecaa5967403d082aa24f35e1b516d23)  -> (artifact id: '7360c97a56a80eb3f366729577ac45d3') in 0.007408 seconds
Number of updated asset objects reloaded before import = 0
Number of asset objects unloaded after import = 1
========================================================================
Received Import Request.
  Time since last request: 95.025574 seconds.
  path: Assets/Scenes/VRCDefaultWorldScene.unity
  artifactKey: Guid(f20b0f8b8f30c2e4cbfc8d46dc7d30b3) Importer(815301076,1909f56bfc062723c751e8b465ee728b)
Start importing Assets/Scenes/VRCDefaultWorldScene.unity using Guid(f20b0f8b8f30c2e4cbfc8d46dc7d30b3) Importer(815301076,1909f56bfc062723c751e8b465ee728b)  -> (artifact id: 'a52ea6a5ef97b23317adde74941d0703') in 0.000578 seconds
Number of updated asset objects reloaded before import = 0
Number of asset objects unloaded after import = 0
========================================================================
Received Import Request.
  Time since last request: 9.595207 seconds.
  path: Assets/lilToonReleaser
  artifactKey: Guid(bf4c01cb032ec5944b904f14b3cb352a) Importer(815301076,1909f56bfc062723c751e8b465ee728b)
Start importing Assets/lilToonReleaser using Guid(bf4c01cb032ec5944b904f14b3cb352a) Importer(815301076,1909f56bfc062723c751e8b465ee728b)  -> (artifact id: 'e307c1f23c9194e0edfa25c42f84d94a') in 0.000415 seconds
Number of updated asset objects reloaded before import = 0
Number of asset objects unloaded after import = 0
========================================================================
Received Import Request.
  Time since last request: 3.833456 seconds.
  path: Assets/8K Skybox Pack Free/Example Scenes/Script
  artifactKey: Guid(3ff0571b95c9964438292ff4684e027a) Importer(815301076,1909f56bfc062723c751e8b465ee728b)
Start importing Assets/8K Skybox Pack Free/Example Scenes/Script using Guid(3ff0571b95c9964438292ff4684e027a) Importer(815301076,1909f56bfc062723c751e8b465ee728b)  -> (artifact id: 'f2e67e0139c065a2a8fdf16666e26342') in 0.000398 seconds
Number of updated asset objects reloaded before import = 0
Number of asset objects unloaded after import = 0
========================================================================
Received Import Request.
  Time since last request: 7.520273 seconds.
  path: Assets/8K Skybox Pack Free/Skyboxes/Texture
  artifactKey: Guid(d6e7d52c81183664ebabf8a33dc61b47) Importer(815301076,1909f56bfc062723c751e8b465ee728b)
Start importing Assets/8K Skybox Pack Free/Skyboxes/Texture using Guid(d6e7d52c81183664ebabf8a33dc61b47) Importer(815301076,1909f56bfc062723c751e8b465ee728b)  -> (artifact id: '28e95e0022bf22de5fce8d5b8c41f7cf') in 0.000398 seconds
Number of updated asset objects reloaded before import = 0
Number of asset objects unloaded after import = 0
========================================================================
Received Import Request.
  Time since last request: 79.994306 seconds.
  path: Assets/8K Skybox Pack Free/Skyboxes/Material/VRc.lighting
  artifactKey: Guid(b69e2031eb3bada428fb608c3209fd84) Importer(2089858483,0ecaa5967403d082aa24f35e1b516d23)
Start importing Assets/8K Skybox Pack Free/Skyboxes/Material/VRc.lighting using Guid(b69e2031eb3bada428fb608c3209fd84) Importer(2089858483,0ecaa5967403d082aa24f35e1b516d23)  -> (artifact id: '523c44eac75ca8b66bbd76008d35901f') in 0.017768 seconds
Number of updated asset objects reloaded before import = 0
Number of asset objects unloaded after import = 1
========================================================================
Received Import Request.
  Time since last request: 27.880016 seconds.
  path: Assets/Data/Tile_+000_+001/Tile_+000_+001.obj
  artifactKey: Guid(fc31110288d54c245a31d78c5d87b3fc) Importer(815301076,1909f56bfc062723c751e8b465ee728b)
Start importing Assets/Data/Tile_+000_+001/Tile_+000_+001.obj using Guid(fc31110288d54c245a31d78c5d87b3fc) Importer(815301076,1909f56bfc062723c751e8b465ee728b)  -> (artifact id: 'd157c5d93991c07b314784d86f4da298') in 0.182591 seconds
Number of updated asset objects reloaded before import = 0
Number of asset objects unloaded after import = 11
========================================================================
Received Import Request.
  Time since last request: 2.924515 seconds.
  path: Assets/Data/Tile_+000_+002/Tile_+000_+002.obj
  artifactKey: Guid(bb71a3c4c52457e46a497ae63df69430) Importer(815301076,1909f56bfc062723c751e8b465ee728b)
Start importing Assets/Data/Tile_+000_+002/Tile_+000_+002.obj using Guid(bb71a3c4c52457e46a497ae63df69430) Importer(815301076,1909f56bfc062723c751e8b465ee728b)  -> (artifact id: '7d48ef1157c8abb5cb0d6563dc92698a') in 0.049510 seconds
Number of updated asset objects reloaded before import = 0
Number of asset objects unloaded after import = 11
========================================================================
Received Import Request.
  Time since last request: 2.711065 seconds.
  path: Assets/Data/Tile_+001_+000/Tile_+001_+000.obj
  artifactKey: Guid(cb116483cad7f484cb3c0841c5d764a5) Importer(815301076,1909f56bfc062723c751e8b465ee728b)
Start importing Assets/Data/Tile_+001_+000/Tile_+001_+000.obj using Guid(cb116483cad7f484cb3c0841c5d764a5) Importer(815301076,1909f56bfc062723c751e8b465ee728b)  -> (artifact id: '101171b89c54918a23bc50c12859083f') in 0.082229 seconds
Number of updated asset objects reloaded before import = 0
Number of asset objects unloaded after import = 11
========================================================================
Received Import Request.
  Time since last request: 9.350380 seconds.
  path: Assets/Data/Tile_+001_+001/Tile_+001_+001.obj
  artifactKey: Guid(44a97393631bc1341a62fbeec4efb6c0) Importer(815301076,1909f56bfc062723c751e8b465ee728b)
Start importing Assets/Data/Tile_+001_+001/Tile_+001_+001.obj using Guid(44a97393631bc1341a62fbeec4efb6c0) Importer(815301076,1909f56bfc062723c751e8b465ee728b)  -> (artifact id: '433d06f0509445d3308d0706585452a5') in 0.081378 seconds
Number of updated asset objects reloaded before import = 0
Number of asset objects unloaded after import = 15
========================================================================
Received Import Request.
  Time since last request: 4.225585 seconds.
  path: Assets/Data/Tile_+001_+002/Tile_+001_+002.obj
  artifactKey: Guid(c63f9021da6084544976da7535a4d0e1) Importer(815301076,1909f56bfc062723c751e8b465ee728b)
Start importing Assets/Data/Tile_+001_+002/Tile_+001_+002.obj using Guid(c63f9021da6084544976da7535a4d0e1) Importer(815301076,1909f56bfc062723c751e8b465ee728b)  -> (artifact id: 'a3a39e4ee45ef98b48b7b2a23b760ebe') in 0.092034 seconds
Number of updated asset objects reloaded before import = 0
Number of asset objects unloaded after import = 13
========================================================================
Received Import Request.
  Time since last request: 7.177605 seconds.
  path: Assets/Data/Tile_+001_+003/Tile_+001_+003.obj
  artifactKey: Guid(25ed8c5c6a144c845b84e7c88943eb4e) Importer(815301076,1909f56bfc062723c751e8b465ee728b)
Start importing Assets/Data/Tile_+001_+003/Tile_+001_+003.obj using Guid(25ed8c5c6a144c845b84e7c88943eb4e) Importer(815301076,1909f56bfc062723c751e8b465ee728b)  -> (artifact id: '47632fc2f34edd68d6d0f5f0489f8ca7') in 0.065034 seconds
Number of updated asset objects reloaded before import = 0
Number of asset objects unloaded after import = 11
========================================================================
Received Import Request.
  Time since last request: 2.879156 seconds.
  path: Assets/Data/Tile_+002_+000/Tile_+002_+000.obj
  artifactKey: Guid(4c6475a25ec64cd41a57cf6c9f4fda70) Importer(815301076,1909f56bfc062723c751e8b465ee728b)
Start importing Assets/Data/Tile_+002_+000/Tile_+002_+000.obj using Guid(4c6475a25ec64cd41a57cf6c9f4fda70) Importer(815301076,1909f56bfc062723c751e8b465ee728b)  -> (artifact id: '9305782463fada376e0842a7500de2e3') in 0.058597 seconds
Number of updated asset objects reloaded before import = 0
Number of asset objects unloaded after import = 13
========================================================================
Received Import Request.
  Time since last request: 1.534487 seconds.
  path: Assets/Data/Tile_+002_+001/Tile_+002_+001.obj
  artifactKey: Guid(a4203d05220392444a16b3105c83eb1e) Importer(815301076,1909f56bfc062723c751e8b465ee728b)
Start importing Assets/Data/Tile_+002_+001/Tile_+002_+001.obj using Guid(a4203d05220392444a16b3105c83eb1e) Importer(815301076,1909f56bfc062723c751e8b465ee728b)  -> (artifact id: 'e84b919204c3e304ac174a4ffb09afaa') in 0.114327 seconds
Number of updated asset objects reloaded before import = 0
Number of asset objects unloaded after import = 15
========================================================================
Received Import Request.
  Time since last request: 1.811383 seconds.
  path: Assets/Data/Tile_+002_+002/Tile_+002_+002.obj
  artifactKey: Guid(47af9a12e6605b746afaa0a1289c1f41) Importer(815301076,1909f56bfc062723c751e8b465ee728b)
Start importing Assets/Data/Tile_+002_+002/Tile_+002_+002.obj using Guid(47af9a12e6605b746afaa0a1289c1f41) Importer(815301076,1909f56bfc062723c751e8b465ee728b)  -> (artifact id: 'fb064fabb787ff66ce1a6d0a9ef76635') in 0.155429 seconds
Number of updated asset objects reloaded before import = 0
Number of asset objects unloaded after import = 15
========================================================================
Received Import Request.
  Time since last request: 2.084583 seconds.
  path: Assets/Data/Tile_+003_+000/Tile_+003_+000.obj
  artifactKey: Guid(ed34a5f30d42c8e429383acf97c60a5a) Importer(815301076,1909f56bfc062723c751e8b465ee728b)
Start importing Assets/Data/Tile_+003_+000/Tile_+003_+000.obj using Guid(ed34a5f30d42c8e429383acf97c60a5a) Importer(815301076,1909f56bfc062723c751e8b465ee728b)  -> (artifact id: '4d31a4d6723790e5f7ff5ad68781e5b0') in 0.034019 seconds
Number of updated asset objects reloaded before import = 0
Number of asset objects unloaded after import = 11
========================================================================
Received Import Request.
  Time since last request: 0.550369 seconds.
  path: Assets/Data/Tile_+002_+003/Tile_+002_+003.obj
  artifactKey: Guid(59d6b6cad2d93eb4f897e5f235928532) Importer(815301076,1909f56bfc062723c751e8b465ee728b)
Start importing Assets/Data/Tile_+002_+003/Tile_+002_+003.obj using Guid(59d6b6cad2d93eb4f897e5f235928532) Importer(815301076,1909f56bfc062723c751e8b465ee728b)  -> (artifact id: '86fc5a1b17920065cd75014711aa447b') in 0.023134 seconds
Number of updated asset objects reloaded before import = 0
Number of asset objects unloaded after import = 11
========================================================================
Received Import Request.
  Time since last request: 18.804549 seconds.
  path: Assets/Data/Tile_+003_+001/Tile_+003_+001.obj
  artifactKey: Guid(3021f8eec5ce7034db14b6e986a08004) Importer(815301076,1909f56bfc062723c751e8b465ee728b)
Start importing Assets/Data/Tile_+003_+001/Tile_+003_+001.obj using Guid(3021f8eec5ce7034db14b6e986a08004) Importer(815301076,1909f56bfc062723c751e8b465ee728b)  -> (artifact id: '4eee8f3771c8c85ba4824f89ba5a828b') in 0.103526 seconds
Number of updated asset objects reloaded before import = 0
Number of asset objects unloaded after import = 15
========================================================================
Received Import Request.
  Time since last request: 1.843630 seconds.
  path: Assets/Data/Tile_+003_+002/Tile_+003_+002.obj
  artifactKey: Guid(090ebb64dd5a4fc4e96a95ec596ce172) Importer(815301076,1909f56bfc062723c751e8b465ee728b)
Start importing Assets/Data/Tile_+003_+002/Tile_+003_+002.obj using Guid(090ebb64dd5a4fc4e96a95ec596ce172) Importer(815301076,1909f56bfc062723c751e8b465ee728b)  -> (artifact id: 'ce0dc915b664f43e43d38064c7296a38') in 0.077647 seconds
Number of updated asset objects reloaded before import = 0
Number of asset objects unloaded after import = 15
========================================================================
Received Import Request.
  Time since last request: 2.005503 seconds.
  path: Assets/Data/Tile_+003_+003/Tile_+003_+003.obj
  artifactKey: Guid(e265f4b1a42dca24b9153547421cd5b3) Importer(815301076,1909f56bfc062723c751e8b465ee728b)
Start importing Assets/Data/Tile_+003_+003/Tile_+003_+003.obj using Guid(e265f4b1a42dca24b9153547421cd5b3) Importer(815301076,1909f56bfc062723c751e8b465ee728b)  -> (artifact id: '1408cff2c268fafcb80ee16105b91486') in 0.060742 seconds
Number of updated asset objects reloaded before import = 0
Number of asset objects unloaded after import = 11
========================================================================
Received Import Request.
  Time since last request: 1.667611 seconds.
  path: Assets/Data/Tile_+004_+000/Tile_+004_+000.obj
  artifactKey: Guid(4c889b183fa7266478989547ec286f22) Importer(815301076,1909f56bfc062723c751e8b465ee728b)
Start importing Assets/Data/Tile_+004_+000/Tile_+004_+000.obj using Guid(4c889b183fa7266478989547ec286f22) Importer(815301076,1909f56bfc062723c751e8b465ee728b)  -> (artifact id: '9198ca1ddadd835de857d903a6fffa95') in 0.041481 seconds
Number of updated asset objects reloaded before import = 0
Number of asset objects unloaded after import = 11
========================================================================
Received Import Request.
  Time since last request: 1.796527 seconds.
  path: Assets/Data/Tile_+004_+001/Tile_+004_+001.obj
  artifactKey: Guid(6c2581dfae8f4d64e8d252f93b6d716c) Importer(815301076,1909f56bfc062723c751e8b465ee728b)
Start importing Assets/Data/Tile_+004_+001/Tile_+004_+001.obj using Guid(6c2581dfae8f4d64e8d252f93b6d716c) Importer(815301076,1909f56bfc062723c751e8b465ee728b)  -> (artifact id: 'c2d7c5caace13bf31ff4cee02b2c09a6') in 0.043624 seconds
Number of updated asset objects reloaded before import = 0
Number of asset objects unloaded after import = 13
========================================================================
Received Import Request.
  Time since last request: 1.695151 seconds.
  path: Assets/Data/Tile_+004_+002/Tile_+004_+002.obj
  artifactKey: Guid(d722d48bf98b4314e95df5eec0eb64d3) Importer(815301076,1909f56bfc062723c751e8b465ee728b)
Start importing Assets/Data/Tile_+004_+002/Tile_+004_+002.obj using Guid(d722d48bf98b4314e95df5eec0eb64d3) Importer(815301076,1909f56bfc062723c751e8b465ee728b)  -> (artifact id: 'a38ceab6285f3193a4fa5dc84e633c34') in 0.102719 seconds
Number of updated asset objects reloaded before import = 0
Number of asset objects unloaded after import = 15
========================================================================
Received Import Request.
  Time since last request: 1.699110 seconds.
  path: Assets/Data/Tile_+004_+003/Tile_+004_+003.obj
  artifactKey: Guid(1cec962afd762224980fbc6274a6e408) Importer(815301076,1909f56bfc062723c751e8b465ee728b)
Start importing Assets/Data/Tile_+004_+003/Tile_+004_+003.obj using Guid(1cec962afd762224980fbc6274a6e408) Importer(815301076,1909f56bfc062723c751e8b465ee728b)  -> (artifact id: 'b4d12528e7a74f7882c5908e4d83e1ea') in 0.025740 seconds
Number of updated asset objects reloaded before import = 0
Number of asset objects unloaded after import = 11
========================================================================
Received Import Request.
  Time since last request: 2.295553 seconds.
  path: Assets/Data/Tile_+005_+000/Tile_+005_+000.obj
  artifactKey: Guid(29935505175d96d43938557a07f695a5) Importer(815301076,1909f56bfc062723c751e8b465ee728b)
Start importing Assets/Data/Tile_+005_+000/Tile_+005_+000.obj using Guid(29935505175d96d43938557a07f695a5) Importer(815301076,1909f56bfc062723c751e8b465ee728b)  -> (artifact id: '8d1b0ef74378fac13d0a9cc9e1dee527') in 0.169204 seconds
Number of updated asset objects reloaded before import = 0
Number of asset objects unloaded after import = 11
========================================================================
Received Import Request.
  Time since last request: 2.236499 seconds.
  path: Assets/Data/Tile_+005_+001/Tile_+005_+001.obj
  artifactKey: Guid(a0effd9e0e34e9d49b63ddf53fc95df0) Importer(815301076,1909f56bfc062723c751e8b465ee728b)
Start importing Assets/Data/Tile_+005_+001/Tile_+005_+001.obj using Guid(a0effd9e0e34e9d49b63ddf53fc95df0) Importer(815301076,1909f56bfc062723c751e8b465ee728b)  -> (artifact id: '6a7ea7256a5178524498b940e06e8bff') in 0.022800 seconds
Number of updated asset objects reloaded before import = 0
Number of asset objects unloaded after import = 11
========================================================================
Received Import Request.
  Time since last request: 2.852204 seconds.
  path: Assets/Data/Tile_+005_+002/Tile_+005_+002.obj
  artifactKey: Guid(78ed813ea17a2f84d865b53cf2881fb0) Importer(815301076,1909f56bfc062723c751e8b465ee728b)
Start importing Assets/Data/Tile_+005_+002/Tile_+005_+002.obj using Guid(78ed813ea17a2f84d865b53cf2881fb0) Importer(815301076,1909f56bfc062723c751e8b465ee728b)  -> (artifact id: 'f64bc42687e4e2d46958c20aed62436f') in 0.128675 seconds
Number of updated asset objects reloaded before import = 0
Number of asset objects unloaded after import = 11
========================================================================
Received Import Request.
  Time since last request: 2.304127 seconds.
  path: Assets/Data/Tile_+005_+003/Tile_+005_+003.obj
  artifactKey: Guid(2ce5503bad78a0940a9d6daa6e8fee17) Importer(815301076,1909f56bfc062723c751e8b465ee728b)
Start importing Assets/Data/Tile_+005_+003/Tile_+005_+003.obj using Guid(2ce5503bad78a0940a9d6daa6e8fee17) Importer(815301076,1909f56bfc062723c751e8b465ee728b)  -> (artifact id: 'd43c3cd1d091d3e204b7e6f90665fba6') in 0.042549 seconds
Number of updated asset objects reloaded before import = 0
Number of asset objects unloaded after import = 11
========================================================================
Received Import Request.
  Time since last request: 480.813308 seconds.
  path: Assets/01..mp3
  artifactKey: Guid(45d4e12bb902ac447bdf3f1211935db5) Importer(815301076,1909f56bfc062723c751e8b465ee728b)
Start importing Assets/01..mp3 using Guid(45d4e12bb902ac447bdf3f1211935db5) Importer(815301076,1909f56bfc062723c751e8b465ee728b)  -> (artifact id: 'edc31ca82249db7a00e486af6d826df5') in 0.051032 seconds
Number of updated asset objects reloaded before import = 0
Number of asset objects unloaded after import = 2
========================================================================
Received Import Request.
  Time since last request: 0.783943 seconds.
  path: Assets/01..mp3
  artifactKey: Guid(45d4e12bb902ac447bdf3f1211935db5) Importer(2089858483,0ecaa5967403d082aa24f35e1b516d23)
Start importing Assets/01..mp3 using Guid(45d4e12bb902ac447bdf3f1211935db5) Importer(2089858483,0ecaa5967403d082aa24f35e1b516d23)  -> (artifact id: '74b2dc46f5535974238146ae50d075fa') in 0.040912 seconds
Number of updated asset objects reloaded before import = 0
Number of asset objects unloaded after import = 1
========================================================================
Received Prepare
Refreshing native plugins compatible for Editor in 11.59 ms, found 6 plugins.
Preloading 2 native plugins for Editor in 0.07 ms.
Unloading 113 Unused Serialized files (Serialized files now loaded: 0)
Unloading 114 unused Assets / (22.3 MB). Loaded Objects now: 3994.
Memory consumption went from 163.1 MB to 140.8 MB.
Total: 78.688100 ms (FindLiveObjects: 0.331100 ms CreateObjectMapping: 0.234900 ms MarkObjects: 68.655100 ms  DeleteObjects: 9.465800 ms)

Prepare: number of updated asset objects reloaded= 0
AssetImportParameters requested are different than current active one (requested -> active):
  custom:container-demuxer-ogg: 62fdf1f143b41e24485cea50d1cbac27 -> 
  custom:video-decoder-ogg-theora: a1e56fd34408186e4bbccfd4996cb3dc -> 
  custom:framework-win-MediaFoundation: 216162199b28c13a410421893ffa2e32 -> 
  custom:CustomObjectIndexerAttribute: 9a22284fe3817be447336de3de66b15e -> 
  custom:container-demuxer-webm: 4f35f7cbe854078d1ac9338744f61a02 -> 
  custom:container-muxer-webm: aa71ff27fc2769a1b78a27578f13a17b -> 
  custom:video-decoder-webm-vp8: 9c59270c3fd7afecdb556c50c9e8de78 -> 
  custom:SearchIndexIgnoredProperties: e643bd26f0fe6173181afceb89e7c659 -> 
  custom:AudioImporter_EditorPlatform: d09bf68614088b80899f8185d706f6e7 -> 
  custom:video-encoder-webm-vp8: eb34c28f22e8b96e1ab97ce403110664 -> 
  custom:audio-decoder-ogg-vorbis: bf7c407c2cedff20999df2af8eb42d56 -> 
  custom:audio-encoder-webm-vorbis: bf7c407c2cedff20999df2af8eb42d56 -> 
========================================================================
Received Prepare
Refreshing native plugins compatible for Editor in 11.65 ms, found 6 plugins.
Preloading 2 native plugins for Editor in 0.07 ms.
Unloading 114 Unused Serialized files (Serialized files now loaded: 0)
Unloading 114 unused Assets / (22.2 MB). Loaded Objects now: 3994.
Memory consumption went from 163.2 MB to 141.1 MB.
Total: 74.300400 ms (FindLiveObjects: 0.307700 ms CreateObjectMapping: 0.227000 ms MarkObjects: 64.053500 ms  DeleteObjects: 9.710900 ms)

Prepare: number of updated asset objects reloaded= 0
AssetImportParameters requested are different than current active one (requested -> active):
  custom:container-demuxer-ogg: 62fdf1f143b41e24485cea50d1cbac27 -> 
  custom:video-decoder-ogg-theora: a1e56fd34408186e4bbccfd4996cb3dc -> 
  custom:framework-win-MediaFoundation: 216162199b28c13a410421893ffa2e32 -> 
  custom:CustomObjectIndexerAttribute: 9a22284fe3817be447336de3de66b15e -> 
  custom:container-demuxer-webm: 4f35f7cbe854078d1ac9338744f61a02 -> 
  custom:container-muxer-webm: aa71ff27fc2769a1b78a27578f13a17b -> 
  custom:video-decoder-webm-vp8: 9c59270c3fd7afecdb556c50c9e8de78 -> 
  custom:SearchIndexIgnoredProperties: e643bd26f0fe6173181afceb89e7c659 -> 
  custom:AudioImporter_EditorPlatform: d09bf68614088b80899f8185d706f6e7 -> 
  custom:video-encoder-webm-vp8: eb34c28f22e8b96e1ab97ce403110664 -> 
  custom:audio-decoder-ogg-vorbis: bf7c407c2cedff20999df2af8eb42d56 -> 
  custom:audio-encoder-webm-vorbis: bf7c407c2cedff20999df2af8eb42d56 -> 
========================================================================
Received Import Request.
  Time since last request: 659.827000 seconds.
  path: Assets/Scenes/VRCDefaultWorldScene.unity
  artifactKey: Guid(f20b0f8b8f30c2e4cbfc8d46dc7d30b3) Importer(2089858483,0ecaa5967403d082aa24f35e1b516d23)
Start importing Assets/Scenes/VRCDefaultWorldScene.unity using Guid(f20b0f8b8f30c2e4cbfc8d46dc7d30b3) Importer(2089858483,0ecaa5967403d082aa24f35e1b516d23)  -> (artifact id: 'd2a1f9a4ea9e5946b0341ff30796c1b4') in 0.038793 seconds
Number of updated asset objects reloaded before import = 0
Number of asset objects unloaded after import = 1
========================================================================
Received Prepare
Refreshing native plugins compatible for Editor in 13.23 ms, found 6 plugins.
Preloading 2 native plugins for Editor in 0.08 ms.
Unloading 113 Unused Serialized files (Serialized files now loaded: 0)
Unloading 114 unused Assets / (22.2 MB). Loaded Objects now: 3994.
Memory consumption went from 163.0 MB to 140.8 MB.
Total: 84.053300 ms (FindLiveObjects: 0.333900 ms CreateObjectMapping: 0.256300 ms MarkObjects: 72.414600 ms  DeleteObjects: 11.047300 ms)

Prepare: number of updated asset objects reloaded= 0
AssetImportParameters requested are different than current active one (requested -> active):
  custom:container-demuxer-ogg: 62fdf1f143b41e24485cea50d1cbac27 -> 
  custom:video-decoder-ogg-theora: a1e56fd34408186e4bbccfd4996cb3dc -> 
  custom:framework-win-MediaFoundation: 216162199b28c13a410421893ffa2e32 -> 
  custom:CustomObjectIndexerAttribute: 9a22284fe3817be447336de3de66b15e -> 
  custom:container-demuxer-webm: 4f35f7cbe854078d1ac9338744f61a02 -> 
  custom:container-muxer-webm: aa71ff27fc2769a1b78a27578f13a17b -> 
  custom:video-decoder-webm-vp8: 9c59270c3fd7afecdb556c50c9e8de78 -> 
  custom:SearchIndexIgnoredProperties: e643bd26f0fe6173181afceb89e7c659 -> 
  custom:AudioImporter_EditorPlatform: d09bf68614088b80899f8185d706f6e7 -> 
  custom:video-encoder-webm-vp8: eb34c28f22e8b96e1ab97ce403110664 -> 
  custom:audio-decoder-ogg-vorbis: bf7c407c2cedff20999df2af8eb42d56 -> 
  custom:audio-encoder-webm-vorbis: bf7c407c2cedff20999df2af8eb42d56 -> 
========================================================================
Received Prepare
Refreshing native plugins compatible for Editor in 11.63 ms, found 6 plugins.
Preloading 2 native plugins for Editor in 0.07 ms.
Unloading 114 Unused Serialized files (Serialized files now loaded: 0)
Unloading 114 unused Assets / (22.2 MB). Loaded Objects now: 3994.
Memory consumption went from 163.2 MB to 141.1 MB.
Total: 79.533100 ms (FindLiveObjects: 0.326200 ms CreateObjectMapping: 0.265100 ms MarkObjects: 68.132800 ms  DeleteObjects: 10.808000 ms)

Prepare: number of updated asset objects reloaded= 0
AssetImportParameters requested are different than current active one (requested -> active):
  custom:container-demuxer-ogg: 62fdf1f143b41e24485cea50d1cbac27 -> 
  custom:video-decoder-ogg-theora: a1e56fd34408186e4bbccfd4996cb3dc -> 
  custom:framework-win-MediaFoundation: 216162199b28c13a410421893ffa2e32 -> 
  custom:CustomObjectIndexerAttribute: 9a22284fe3817be447336de3de66b15e -> 
  custom:container-demuxer-webm: 4f35f7cbe854078d1ac9338744f61a02 -> 
  custom:container-muxer-webm: aa71ff27fc2769a1b78a27578f13a17b -> 
  custom:video-decoder-webm-vp8: 9c59270c3fd7afecdb556c50c9e8de78 -> 
  custom:SearchIndexIgnoredProperties: e643bd26f0fe6173181afceb89e7c659 -> 
  custom:AudioImporter_EditorPlatform: d09bf68614088b80899f8185d706f6e7 -> 
  custom:video-encoder-webm-vp8: eb34c28f22e8b96e1ab97ce403110664 -> 
  custom:audio-decoder-ogg-vorbis: bf7c407c2cedff20999df2af8eb42d56 -> 
  custom:audio-encoder-webm-vorbis: bf7c407c2cedff20999df2af8eb42d56 -> 
========================================================================
Received Import Request.
  Time since last request: 542.568005 seconds.
  path: Assets/Scenes/VRCDefaultWorldScene.unity
  artifactKey: Guid(f20b0f8b8f30c2e4cbfc8d46dc7d30b3) Importer(2089858483,0ecaa5967403d082aa24f35e1b516d23)
Start importing Assets/Scenes/VRCDefaultWorldScene.unity using Guid(f20b0f8b8f30c2e4cbfc8d46dc7d30b3) Importer(2089858483,0ecaa5967403d082aa24f35e1b516d23)  -> (artifact id: '10d984917e0699840a374d036228301b') in 0.033874 seconds
Number of updated asset objects reloaded before import = 0
Number of asset objects unloaded after import = 1
